<?xml version="1.0" encoding="UTF-8"?>
<!-- Generated by org.testng.reporters.JUnitXMLReporter -->
<testsuite hostname="SL-1142" ignored="0" name="Surefire test" tests="50" failures="5" timestamp="18 Sep 2019 21:44:50 GMT" time="63.879" errors="0">
  <testcase name="demoPageTitle" time="7.921" classname="com.yourcompany.SampleSauceTest"/>
  <testcase name="demoPageTitle" time="10.966" classname="com.yourcompany.SampleSauceTest"/>
  <testcase name="demoPageTitle" time="13.473" classname="com.yourcompany.SampleSauceTest"/>
  <testcase name="demoPageTitle" time="15.151" classname="com.yourcompany.SampleSauceTest"/>
  <testcase name="problemLoginFlow" time="17.397" classname="com.yourcompany.SampleSauceTest"/>
  <testcase name="invalidLoginFlow" time="17.817" classname="com.yourcompany.SampleSauceTest"/>
  <testcase name="problemLoginFlow" time="17.925" classname="com.yourcompany.SampleSauceTest"/>
  <testcase name="demoPageTitle" time="19.066" classname="com.yourcompany.SampleSauceTest">
    <failure type="java.lang.AssertionError" message="expected [Swag Labs] but found [Error 400 Could not proxy https://www.saucedemo.com:443/ java.lang.RuntimeException: Couldn&amp;apos;t establish SSL handshake. Try using trustAllSSLCertificates. Received fatal alert: handshake_failure]">
      <![CDATA[java.lang.AssertionError: expected [Swag Labs] but found [Error 400 Could not proxy https://www.saucedemo.com:443/ java.lang.RuntimeException: Couldn't establish SSL handshake. Try using trustAllSSLCertificates. Received fatal alert: handshake_failure]
	at com.yourcompany.SampleSauceTest.demoPageTitle(SampleSauceTest.java:179)
	at java.util.concurrent.FutureTask.run(FutureTask.java:266)
	at java.util.concurrent.Executors$RunnableAdapter.call(Executors.java:511)
	at java.util.concurrent.FutureTask.run(FutureTask.java:266)
	at java.util.concurrent.ThreadPoolExecutor.runWorker(ThreadPoolExecutor.java:1149)
	at java.util.concurrent.ThreadPoolExecutor$Worker.run(ThreadPoolExecutor.java:624)
	at java.lang.Thread.run(Thread.java:748)
... Removed 15 stack frames]]>
    </failure>
  </testcase> <!-- demoPageTitle -->
  <testcase name="validLoginFlow" time="19.135" classname="com.yourcompany.SampleSauceTest"/>
  <testcase name="validLoginFlow" time="19.422" classname="com.yourcompany.SampleSauceTest"/>
  <testcase name="validLoginFlow" time="19.504" classname="com.yourcompany.SampleSauceTest"/>
  <testcase name="demoPageTitle" time="19.609" classname="com.yourcompany.SampleSauceTest"/>
  <testcase name="validLoginFlow" time="19.758" classname="com.yourcompany.SampleSauceTest"/>
  <testcase name="validLoginFlow" time="20.962" classname="com.yourcompany.SampleSauceTest"/>
  <testcase name="invalidLoginFlow" time="20.988" classname="com.yourcompany.SampleSauceTest"/>
  <testcase name="lockedOutLoginFlow" time="21.425" classname="com.yourcompany.SampleSauceTest"/>
  <testcase name="demoPageTitle" time="21.719" classname="com.yourcompany.SampleSauceTest"/>
  <testcase name="problemLoginFlow" time="21.743" classname="com.yourcompany.SampleSauceTest"/>
  <testcase name="problemLoginFlow" time="21.838" classname="com.yourcompany.SampleSauceTest"/>
  <testcase name="invalidLoginFlow" time="22.027" classname="com.yourcompany.SampleSauceTest"/>
  <testcase name="lockedOutLoginFlow" time="22.151" classname="com.yourcompany.SampleSauceTest"/>
  <testcase name="lockedOutLoginFlow" time="23.301" classname="com.yourcompany.SampleSauceTest"/>
  <testcase name="invalidLoginFlow" time="23.575" classname="com.yourcompany.SampleSauceTest"/>
  <testcase name="lockedOutLoginFlow" time="23.871" classname="com.yourcompany.SampleSauceTest"/>
  <testcase name="invalidLoginFlow" time="25.119" classname="com.yourcompany.SampleSauceTest"/>
  <testcase name="demoPageTitle" time="25.54" classname="com.yourcompany.SampleSauceTest"/>
  <testcase name="problemLoginFlow" time="26.054" classname="com.yourcompany.SampleSauceTest"/>
  <testcase name="lockedOutLoginFlow" time="28.644" classname="com.yourcompany.SampleSauceTest"/>
  <testcase name="lockedOutLoginFlow" time="29.447" classname="com.yourcompany.SampleSauceTest"/>
  <testcase name="validLoginFlow" time="29.841" classname="com.yourcompany.SampleSauceTest"/>
  <testcase name="demoPageTitle" time="32.108" classname="com.yourcompany.SampleSauceTest"/>
  <testcase name="invalidLoginFlow" time="33.25" classname="com.yourcompany.SampleSauceTest"/>
  <testcase name="problemLoginFlow" time="34.411" classname="com.yourcompany.SampleSauceTest">
    <failure type="org.openqa.selenium.TimeoutException" message="Expected condition failed: waiting for visibility of element located by By.id: user-name (tried for 15 second(s) with 500 milliseconds interval)">
      <![CDATA[org.openqa.selenium.TimeoutException: Expected condition failed: waiting for visibility of element located by By.id: user-name (tried for 15 second(s) with 500 milliseconds interval)
	at org.openqa.selenium.support.ui.WebDriverWait.timeoutException(WebDriverWait.java:113)
	at org.openqa.selenium.support.ui.FluentWait.until(FluentWait.java:283)
	at com.yourcompany.SampleSauceTest.login(SampleSauceTest.java:227)
	at com.yourcompany.SampleSauceTest.problemLoginFlow(SampleSauceTest.java:194)
	at java.util.concurrent.FutureTask.run(FutureTask.java:266)
	at java.util.concurrent.Executors$RunnableAdapter.call(Executors.java:511)
	at java.util.concurrent.FutureTask.run(FutureTask.java:266)
	at java.util.concurrent.ThreadPoolExecutor.runWorker(ThreadPoolExecutor.java:1149)
	at java.util.concurrent.ThreadPoolExecutor$Worker.run(ThreadPoolExecutor.java:624)
	at java.lang.Thread.run(Thread.java:748)
Caused by: org.openqa.selenium.NoSuchElementException: Cannot locate an element using By.id: user-name
For documentation on this error, please visit: http://seleniumhq.org/exceptions/no_such_element.html
Build info: version: '3.14.0', revision: 'aacccce0', time: '2018-08-02T20:19:58.91Z'
System info: host: 'SL-1142', ip: 'fe80:0:0:0:4fa:9ddc:f273:c531%en0', os.name: 'Mac OS X', os.arch: 'x86_64', os.version: '10.14.6', java.version: '1.8.0_191'
Driver info: driver.version: unknown
	at org.openqa.selenium.support.ui.ExpectedConditions.lambda$findElement$0(ExpectedConditions.java:896)
	at java.util.Optional.orElseThrow(Optional.java:290)
	at org.openqa.selenium.support.ui.ExpectedConditions.findElement(ExpectedConditions.java:895)
	at org.openqa.selenium.support.ui.ExpectedConditions.access$000(ExpectedConditions.java:44)
	at org.openqa.selenium.support.ui.ExpectedConditions$7.apply(ExpectedConditions.java:206)
	at org.openqa.selenium.support.ui.ExpectedConditions$7.apply(ExpectedConditions.java:202)
	at org.openqa.selenium.support.ui.FluentWait.until(FluentWait.java:260)
	... 17 more
... Removed 9 stack frames]]>
    </failure>
  </testcase> <!-- problemLoginFlow -->
  <testcase name="demoPageTitle" time="35.309" classname="com.yourcompany.SampleSauceTest"/>
  <testcase name="invalidLoginFlow" time="36.427" classname="com.yourcompany.SampleSauceTest">
    <failure type="org.openqa.selenium.TimeoutException" message="Expected condition failed: waiting for visibility of element located by By.id: user-name (tried for 15 second(s) with 500 milliseconds interval)">
      <![CDATA[org.openqa.selenium.TimeoutException: Expected condition failed: waiting for visibility of element located by By.id: user-name (tried for 15 second(s) with 500 milliseconds interval)
	at org.openqa.selenium.support.ui.WebDriverWait.timeoutException(WebDriverWait.java:113)
	at org.openqa.selenium.support.ui.FluentWait.until(FluentWait.java:283)
	at com.yourcompany.SampleSauceTest.login(SampleSauceTest.java:227)
	at com.yourcompany.SampleSauceTest.invalidLoginFlow(SampleSauceTest.java:170)
	at java.util.concurrent.FutureTask.run(FutureTask.java:266)
	at java.util.concurrent.Executors$RunnableAdapter.call(Executors.java:511)
	at java.util.concurrent.FutureTask.run(FutureTask.java:266)
	at java.util.concurrent.ThreadPoolExecutor.runWorker(ThreadPoolExecutor.java:1149)
	at java.util.concurrent.ThreadPoolExecutor$Worker.run(ThreadPoolExecutor.java:624)
	at java.lang.Thread.run(Thread.java:748)
Caused by: org.openqa.selenium.NoSuchElementException: Cannot locate an element using By.id: user-name
For documentation on this error, please visit: http://seleniumhq.org/exceptions/no_such_element.html
Build info: version: '3.14.0', revision: 'aacccce0', time: '2018-08-02T20:19:58.91Z'
System info: host: 'SL-1142', ip: 'fe80:0:0:0:4fa:9ddc:f273:c531%en0', os.name: 'Mac OS X', os.arch: 'x86_64', os.version: '10.14.6', java.version: '1.8.0_191'
Driver info: driver.version: unknown
	at org.openqa.selenium.support.ui.ExpectedConditions.lambda$findElement$0(ExpectedConditions.java:896)
	at java.util.Optional.orElseThrow(Optional.java:290)
	at org.openqa.selenium.support.ui.ExpectedConditions.findElement(ExpectedConditions.java:895)
	at org.openqa.selenium.support.ui.ExpectedConditions.access$000(ExpectedConditions.java:44)
	at org.openqa.selenium.support.ui.ExpectedConditions$7.apply(ExpectedConditions.java:206)
	at org.openqa.selenium.support.ui.ExpectedConditions$7.apply(ExpectedConditions.java:202)
	at org.openqa.selenium.support.ui.FluentWait.until(FluentWait.java:260)
	... 17 more
... Removed 9 stack frames]]>
    </failure>
  </testcase> <!-- invalidLoginFlow -->
  <testcase name="validLoginFlow" time="36.527" classname="com.yourcompany.SampleSauceTest">
    <failure type="org.openqa.selenium.TimeoutException" message="Expected condition failed: waiting for visibility of element located by By.id: user-name (tried for 15 second(s) with 500 milliseconds interval)">
      <![CDATA[org.openqa.selenium.TimeoutException: Expected condition failed: waiting for visibility of element located by By.id: user-name (tried for 15 second(s) with 500 milliseconds interval)
	at org.openqa.selenium.support.ui.WebDriverWait.timeoutException(WebDriverWait.java:113)
	at org.openqa.selenium.support.ui.FluentWait.until(FluentWait.java:283)
	at com.yourcompany.SampleSauceTest.login(SampleSauceTest.java:227)
	at com.yourcompany.SampleSauceTest.validLoginFlow(SampleSauceTest.java:186)
	at java.util.concurrent.FutureTask.run(FutureTask.java:266)
	at java.util.concurrent.Executors$RunnableAdapter.call(Executors.java:511)
	at java.util.concurrent.FutureTask.run(FutureTask.java:266)
	at java.util.concurrent.ThreadPoolExecutor.runWorker(ThreadPoolExecutor.java:1149)
	at java.util.concurrent.ThreadPoolExecutor$Worker.run(ThreadPoolExecutor.java:624)
	at java.lang.Thread.run(Thread.java:748)
Caused by: org.openqa.selenium.NoSuchElementException: Cannot locate an element using By.id: user-name
For documentation on this error, please visit: http://seleniumhq.org/exceptions/no_such_element.html
Build info: version: '3.14.0', revision: 'aacccce0', time: '2018-08-02T20:19:58.91Z'
System info: host: 'SL-1142', ip: 'fe80:0:0:0:4fa:9ddc:f273:c531%en0', os.name: 'Mac OS X', os.arch: 'x86_64', os.version: '10.14.6', java.version: '1.8.0_191'
Driver info: driver.version: unknown
	at org.openqa.selenium.support.ui.ExpectedConditions.lambda$findElement$0(ExpectedConditions.java:896)
	at java.util.Optional.orElseThrow(Optional.java:290)
	at org.openqa.selenium.support.ui.ExpectedConditions.findElement(ExpectedConditions.java:895)
	at org.openqa.selenium.support.ui.ExpectedConditions.access$000(ExpectedConditions.java:44)
	at org.openqa.selenium.support.ui.ExpectedConditions$7.apply(ExpectedConditions.java:206)
	at org.openqa.selenium.support.ui.ExpectedConditions$7.apply(ExpectedConditions.java:202)
	at org.openqa.selenium.support.ui.FluentWait.until(FluentWait.java:260)
	... 17 more
... Removed 9 stack frames]]>
    </failure>
  </testcase> <!-- validLoginFlow -->
  <testcase name="lockedOutLoginFlow" time="37.171" classname="com.yourcompany.SampleSauceTest">
    <failure type="org.openqa.selenium.TimeoutException" message="Expected condition failed: waiting for visibility of element located by By.id: user-name (tried for 15 second(s) with 500 milliseconds interval)">
      <![CDATA[org.openqa.selenium.TimeoutException: Expected condition failed: waiting for visibility of element located by By.id: user-name (tried for 15 second(s) with 500 milliseconds interval)
	at org.openqa.selenium.support.ui.WebDriverWait.timeoutException(WebDriverWait.java:113)
	at org.openqa.selenium.support.ui.FluentWait.until(FluentWait.java:283)
	at com.yourcompany.SampleSauceTest.login(SampleSauceTest.java:227)
	at com.yourcompany.SampleSauceTest.lockedOutLoginFlow(SampleSauceTest.java:202)
	at java.util.concurrent.FutureTask.run(FutureTask.java:266)
	at java.util.concurrent.Executors$RunnableAdapter.call(Executors.java:511)
	at java.util.concurrent.FutureTask.run(FutureTask.java:266)
	at java.util.concurrent.ThreadPoolExecutor.runWorker(ThreadPoolExecutor.java:1149)
	at java.util.concurrent.ThreadPoolExecutor$Worker.run(ThreadPoolExecutor.java:624)
	at java.lang.Thread.run(Thread.java:748)
Caused by: org.openqa.selenium.NoSuchElementException: Cannot locate an element using By.id: user-name
For documentation on this error, please visit: http://seleniumhq.org/exceptions/no_such_element.html
Build info: version: '3.14.0', revision: 'aacccce0', time: '2018-08-02T20:19:58.91Z'
System info: host: 'SL-1142', ip: 'fe80:0:0:0:4fa:9ddc:f273:c531%en0', os.name: 'Mac OS X', os.arch: 'x86_64', os.version: '10.14.6', java.version: '1.8.0_191'
Driver info: driver.version: unknown
	at org.openqa.selenium.support.ui.ExpectedConditions.lambda$findElement$0(ExpectedConditions.java:896)
	at java.util.Optional.orElseThrow(Optional.java:290)
	at org.openqa.selenium.support.ui.ExpectedConditions.findElement(ExpectedConditions.java:895)
	at org.openqa.selenium.support.ui.ExpectedConditions.access$000(ExpectedConditions.java:44)
	at org.openqa.selenium.support.ui.ExpectedConditions$7.apply(ExpectedConditions.java:206)
	at org.openqa.selenium.support.ui.ExpectedConditions$7.apply(ExpectedConditions.java:202)
	at org.openqa.selenium.support.ui.FluentWait.until(FluentWait.java:260)
	... 17 more
... Removed 9 stack frames]]>
    </failure>
  </testcase> <!-- lockedOutLoginFlow -->
  <testcase name="invalidLoginFlow" time="39.931" classname="com.yourcompany.SampleSauceTest"/>
  <testcase name="lockedOutLoginFlow" time="39.982" classname="com.yourcompany.SampleSauceTest"/>
  <testcase name="invalidLoginFlow" time="40.305" classname="com.yourcompany.SampleSauceTest"/>
  <testcase name="lockedOutLoginFlow" time="40.718" classname="com.yourcompany.SampleSauceTest"/>
  <testcase name="lockedOutLoginFlow" time="40.955" classname="com.yourcompany.SampleSauceTest"/>
  <testcase name="invalidLoginFlow" time="41.032" classname="com.yourcompany.SampleSauceTest"/>
  <testcase name="problemLoginFlow" time="43.643" classname="com.yourcompany.SampleSauceTest"/>
  <testcase name="problemLoginFlow" time="51.686" classname="com.yourcompany.SampleSauceTest"/>
  <testcase name="validLoginFlow" time="52.854" classname="com.yourcompany.SampleSauceTest"/>
  <testcase name="validLoginFlow" time="52.937" classname="com.yourcompany.SampleSauceTest"/>
  <testcase name="problemLoginFlow" time="56.942" classname="com.yourcompany.SampleSauceTest"/>
  <testcase name="problemLoginFlow" time="57.055" classname="com.yourcompany.SampleSauceTest"/>
  <testcase name="validLoginFlow" time="62.284" classname="com.yourcompany.SampleSauceTest"/>
</testsuite> <!-- Surefire test -->
