<html>
<head>
<title>TestNG:  Surefire test</title>
<link href="../testng.css" rel="stylesheet" type="text/css" />
<link href="../my-testng.css" rel="stylesheet" type="text/css" />

<style type="text/css">
.log { display: none;} 
.stack-trace { display: none;} 
</style>
<script type="text/javascript">
<!--
function flip(e) {
  current = e.style.display;
  if (current == 'block') {
    e.style.display = 'none';
    return 0;
  }
  else {
    e.style.display = 'block';
    return 1;
  }
}

function toggleBox(szDivId, elem, msg1, msg2)
{
  var res = -1;  if (document.getElementById) {
    res = flip(document.getElementById(szDivId));
  }
  else if (document.all) {
    // this is the way old msie versions work
    res = flip(document.all[szDivId]);
  }
  if(elem) {
    if(res == 0) elem.innerHTML = msg1; else elem.innerHTML = msg2;
  }

}

function toggleAllBoxes() {
  if (document.getElementsByTagName) {
    d = document.getElementsByTagName('div');
    for (i = 0; i < d.length; i++) {
      if (d[i].className == 'log') {
        flip(d[i]);
      }
    }
  }
}

// -->
</script>

</head>
<body>
<h2 align='center'>Surefire test</h2><table border='1' align="center">
<tr>
<td>Tests passed/Failed/Skipped:</td><td>45/5/0</td>
</tr><tr>
<td>Started on:</td><td>Wed Sep 18 15:43:46 MDT 2019</td>
</tr>
<tr><td>Total time:</td><td>63 seconds (63879 ms)</td>
</tr><tr>
<td>Included groups:</td><td></td>
</tr><tr>
<td>Excluded groups:</td><td></td>
</tr>
</table><p/>
<small><i>(Hover the method name to see the test class name)</i></small><p/>
<table width='100%' border='1' class='invocation-failed'>
<tr><td colspan='4' align='center'><b>FAILED TESTS</b></td></tr>
<tr><td><b>Test method</b></td>
<td width="30%"><b>Exception</b></td>
<td width="10%"><b>Time (seconds)</b></td>
<td><b>Instance</b></td>
</tr>
<tr>
<td title='com.yourcompany.SampleSauceTest.demoPageTitle()'><b>demoPageTitle</b><br>Test class: com.yourcompany.SampleSauceTest<br>Parameters: MicrosoftEdge, 18.17763, Windows 10, public void com.yourcompany.SampleSauceTest.demoPageTitle(java.lang.String,java.lang.String,java.lang.String,java.lang.reflect.Method) throws java.lang.Exception</td>
<td><div><pre>java.lang.AssertionError: expected [Swag Labs] but found [Error 400 Could not proxy https://www.saucedemo.com:443/ java.lang.RuntimeException: Couldn&apos;t establish SSL handshake. Try using trustAllSSLCertificates. Received fatal alert: handshake_failure]
	at com.yourcompany.SampleSauceTest.demoPageTitle(SampleSauceTest.java:179)
	at java.util.concurrent.FutureTask.run(FutureTask.java:266)
	at java.util.concurrent.Executors$RunnableAdapter.call(Executors.java:511)
	at java.util.concurrent.FutureTask.run(FutureTask.java:266)
	at java.util.concurrent.ThreadPoolExecutor.runWorker(ThreadPoolExecutor.java:1149)
	at java.util.concurrent.ThreadPoolExecutor$Worker.run(ThreadPoolExecutor.java:624)
	at java.lang.Thread.run(Thread.java:748)
... Removed 15 stack frames</pre></div><a href='#' onClick='toggleBox("stack-trace658230876", this, "Click to show all stack frames", "Click to hide stack frames")'>Click to show all stack frames</a>
<div class='stack-trace' id='stack-trace658230876'><pre>java.lang.AssertionError: expected [Swag Labs] but found [Error 400 Could not proxy https://www.saucedemo.com:443/ java.lang.RuntimeException: Couldn&apos;t establish SSL handshake. Try using trustAllSSLCertificates. Received fatal alert: handshake_failure]
	at org.testng.Assert.fail(Assert.java:94)
	at org.testng.Assert.failNotEquals(Assert.java:513)
	at org.testng.Assert.assertEqualsImpl(Assert.java:135)
	at org.testng.Assert.assertEquals(Assert.java:116)
	at org.testng.Assert.assertEquals(Assert.java:190)
	at org.testng.Assert.assertEquals(Assert.java:200)
	at com.yourcompany.SampleSauceTest.demoPageTitle(SampleSauceTest.java:179)
	at sun.reflect.NativeMethodAccessorImpl.invoke0(Native Method)
	at sun.reflect.NativeMethodAccessorImpl.invoke(NativeMethodAccessorImpl.java:62)
	at sun.reflect.DelegatingMethodAccessorImpl.invoke(DelegatingMethodAccessorImpl.java:43)
	at java.lang.reflect.Method.invoke(Method.java:498)
	at org.testng.internal.MethodInvocationHelper.invokeMethod(MethodInvocationHelper.java:104)
	at org.testng.internal.Invoker.invokeMethod(Invoker.java:645)
	at org.testng.internal.Invoker.invokeTestMethod(Invoker.java:851)
	at org.testng.internal.TestMethodWithDataProviderMethodWorker.call(TestMethodWithDataProviderMethodWorker.java:75)
	at org.testng.internal.TestMethodWithDataProviderMethodWorker.call(TestMethodWithDataProviderMethodWorker.java:14)
	at java.util.concurrent.FutureTask.run(FutureTask.java:266)
	at java.util.concurrent.Executors$RunnableAdapter.call(Executors.java:511)
	at java.util.concurrent.FutureTask.run(FutureTask.java:266)
	at java.util.concurrent.ThreadPoolExecutor.runWorker(ThreadPoolExecutor.java:1149)
	at java.util.concurrent.ThreadPoolExecutor$Worker.run(ThreadPoolExecutor.java:624)
	at java.lang.Thread.run(Thread.java:748)
</pre></div></td>
<td>19</td>
<td>com.yourcompany.SampleSauceTest@6e8dacdf</td></tr>
<tr>
<td title='com.yourcompany.SampleSauceTest.invalidLoginFlow()'><b>invalidLoginFlow</b><br>Test class: com.yourcompany.SampleSauceTest<br>Parameters: MicrosoftEdge, 18.17763, Windows 10, public void com.yourcompany.SampleSauceTest.invalidLoginFlow(java.lang.String,java.lang.String,java.lang.String,java.lang.reflect.Method) throws java.lang.Exception</td>
<td><div><pre>org.openqa.selenium.TimeoutException: Expected condition failed: waiting for visibility of element located by By.id: user-name (tried for 15 second(s) with 500 milliseconds interval)
	at org.openqa.selenium.support.ui.WebDriverWait.timeoutException(WebDriverWait.java:113)
	at org.openqa.selenium.support.ui.FluentWait.until(FluentWait.java:283)
	at com.yourcompany.SampleSauceTest.login(SampleSauceTest.java:227)
	at com.yourcompany.SampleSauceTest.invalidLoginFlow(SampleSauceTest.java:170)
	at java.util.concurrent.FutureTask.run(FutureTask.java:266)
	at java.util.concurrent.Executors$RunnableAdapter.call(Executors.java:511)
	at java.util.concurrent.FutureTask.run(FutureTask.java:266)
	at java.util.concurrent.ThreadPoolExecutor.runWorker(ThreadPoolExecutor.java:1149)
	at java.util.concurrent.ThreadPoolExecutor$Worker.run(ThreadPoolExecutor.java:624)
	at java.lang.Thread.run(Thread.java:748)
Caused by: org.openqa.selenium.NoSuchElementException: Cannot locate an element using By.id: user-name
For documentation on this error, please visit: http://seleniumhq.org/exceptions/no_such_element.html
Build info: version: &apos;3.14.0&apos;, revision: &apos;aacccce0&apos;, time: &apos;2018-08-02T20:19:58.91Z&apos;
System info: host: &apos;SL-1142&apos;, ip: &apos;fe80:0:0:0:4fa:9ddc:f273:c531%en0&apos;, os.name: &apos;Mac OS X&apos;, os.arch: &apos;x86_64&apos;, os.version: &apos;10.14.6&apos;, java.version: &apos;1.8.0_191&apos;
Driver info: driver.version: unknown
	at org.openqa.selenium.support.ui.ExpectedConditions.lambda$findElement$0(ExpectedConditions.java:896)
	at java.util.Optional.orElseThrow(Optional.java:290)
	at org.openqa.selenium.support.ui.ExpectedConditions.findElement(ExpectedConditions.java:895)
	at org.openqa.selenium.support.ui.ExpectedConditions.access$000(ExpectedConditions.java:44)
	at org.openqa.selenium.support.ui.ExpectedConditions$7.apply(ExpectedConditions.java:206)
	at org.openqa.selenium.support.ui.ExpectedConditions$7.apply(ExpectedConditions.java:202)
	at org.openqa.selenium.support.ui.FluentWait.until(FluentWait.java:260)
	... 17 more
... Removed 9 stack frames</pre></div><a href='#' onClick='toggleBox("stack-trace1791999252", this, "Click to show all stack frames", "Click to hide stack frames")'>Click to show all stack frames</a>
<div class='stack-trace' id='stack-trace1791999252'><pre>org.openqa.selenium.TimeoutException: Expected condition failed: waiting for visibility of element located by By.id: user-name (tried for 15 second(s) with 500 milliseconds interval)
	at org.openqa.selenium.support.ui.WebDriverWait.timeoutException(WebDriverWait.java:113)
	at org.openqa.selenium.support.ui.FluentWait.until(FluentWait.java:283)
	at com.yourcompany.SampleSauceTest.login(SampleSauceTest.java:227)
	at com.yourcompany.SampleSauceTest.invalidLoginFlow(SampleSauceTest.java:170)
	at sun.reflect.NativeMethodAccessorImpl.invoke0(Native Method)
	at sun.reflect.NativeMethodAccessorImpl.invoke(NativeMethodAccessorImpl.java:62)
	at sun.reflect.DelegatingMethodAccessorImpl.invoke(DelegatingMethodAccessorImpl.java:43)
	at java.lang.reflect.Method.invoke(Method.java:498)
	at org.testng.internal.MethodInvocationHelper.invokeMethod(MethodInvocationHelper.java:104)
	at org.testng.internal.Invoker.invokeMethod(Invoker.java:645)
	at org.testng.internal.Invoker.invokeTestMethod(Invoker.java:851)
	at org.testng.internal.TestMethodWithDataProviderMethodWorker.call(TestMethodWithDataProviderMethodWorker.java:75)
	at org.testng.internal.TestMethodWithDataProviderMethodWorker.call(TestMethodWithDataProviderMethodWorker.java:14)
	at java.util.concurrent.FutureTask.run(FutureTask.java:266)
	at java.util.concurrent.Executors$RunnableAdapter.call(Executors.java:511)
	at java.util.concurrent.FutureTask.run(FutureTask.java:266)
	at java.util.concurrent.ThreadPoolExecutor.runWorker(ThreadPoolExecutor.java:1149)
	at java.util.concurrent.ThreadPoolExecutor$Worker.run(ThreadPoolExecutor.java:624)
	at java.lang.Thread.run(Thread.java:748)
Caused by: org.openqa.selenium.NoSuchElementException: Cannot locate an element using By.id: user-name
For documentation on this error, please visit: http://seleniumhq.org/exceptions/no_such_element.html
Build info: version: &apos;3.14.0&apos;, revision: &apos;aacccce0&apos;, time: &apos;2018-08-02T20:19:58.91Z&apos;
System info: host: &apos;SL-1142&apos;, ip: &apos;fe80:0:0:0:4fa:9ddc:f273:c531%en0&apos;, os.name: &apos;Mac OS X&apos;, os.arch: &apos;x86_64&apos;, os.version: &apos;10.14.6&apos;, java.version: &apos;1.8.0_191&apos;
Driver info: driver.version: unknown
	at org.openqa.selenium.support.ui.ExpectedConditions.lambda$findElement$0(ExpectedConditions.java:896)
	at java.util.Optional.orElseThrow(Optional.java:290)
	at org.openqa.selenium.support.ui.ExpectedConditions.findElement(ExpectedConditions.java:895)
	at org.openqa.selenium.support.ui.ExpectedConditions.access$000(ExpectedConditions.java:44)
	at org.openqa.selenium.support.ui.ExpectedConditions$7.apply(ExpectedConditions.java:206)
	at org.openqa.selenium.support.ui.ExpectedConditions$7.apply(ExpectedConditions.java:202)
	at org.openqa.selenium.support.ui.FluentWait.until(FluentWait.java:260)
	... 17 more
</pre></div></td>
<td>36</td>
<td>com.yourcompany.SampleSauceTest@6e8dacdf</td></tr>
<tr>
<td title='com.yourcompany.SampleSauceTest.lockedOutLoginFlow()'><b>lockedOutLoginFlow</b><br>Test class: com.yourcompany.SampleSauceTest<br>Parameters: MicrosoftEdge, 18.17763, Windows 10, public void com.yourcompany.SampleSauceTest.lockedOutLoginFlow(java.lang.String,java.lang.String,java.lang.String,java.lang.reflect.Method) throws java.lang.Exception</td>
<td><div><pre>org.openqa.selenium.TimeoutException: Expected condition failed: waiting for visibility of element located by By.id: user-name (tried for 15 second(s) with 500 milliseconds interval)
	at org.openqa.selenium.support.ui.WebDriverWait.timeoutException(WebDriverWait.java:113)
	at org.openqa.selenium.support.ui.FluentWait.until(FluentWait.java:283)
	at com.yourcompany.SampleSauceTest.login(SampleSauceTest.java:227)
	at com.yourcompany.SampleSauceTest.lockedOutLoginFlow(SampleSauceTest.java:202)
	at java.util.concurrent.FutureTask.run(FutureTask.java:266)
	at java.util.concurrent.Executors$RunnableAdapter.call(Executors.java:511)
	at java.util.concurrent.FutureTask.run(FutureTask.java:266)
	at java.util.concurrent.ThreadPoolExecutor.runWorker(ThreadPoolExecutor.java:1149)
	at java.util.concurrent.ThreadPoolExecutor$Worker.run(ThreadPoolExecutor.java:624)
	at java.lang.Thread.run(Thread.java:748)
Caused by: org.openqa.selenium.NoSuchElementException: Cannot locate an element using By.id: user-name
For documentation on this error, please visit: http://seleniumhq.org/exceptions/no_such_element.html
Build info: version: &apos;3.14.0&apos;, revision: &apos;aacccce0&apos;, time: &apos;2018-08-02T20:19:58.91Z&apos;
System info: host: &apos;SL-1142&apos;, ip: &apos;fe80:0:0:0:4fa:9ddc:f273:c531%en0&apos;, os.name: &apos;Mac OS X&apos;, os.arch: &apos;x86_64&apos;, os.version: &apos;10.14.6&apos;, java.version: &apos;1.8.0_191&apos;
Driver info: driver.version: unknown
	at org.openqa.selenium.support.ui.ExpectedConditions.lambda$findElement$0(ExpectedConditions.java:896)
	at java.util.Optional.orElseThrow(Optional.java:290)
	at org.openqa.selenium.support.ui.ExpectedConditions.findElement(ExpectedConditions.java:895)
	at org.openqa.selenium.support.ui.ExpectedConditions.access$000(ExpectedConditions.java:44)
	at org.openqa.selenium.support.ui.ExpectedConditions$7.apply(ExpectedConditions.java:206)
	at org.openqa.selenium.support.ui.ExpectedConditions$7.apply(ExpectedConditions.java:202)
	at org.openqa.selenium.support.ui.FluentWait.until(FluentWait.java:260)
	... 17 more
... Removed 9 stack frames</pre></div><a href='#' onClick='toggleBox("stack-trace205649921", this, "Click to show all stack frames", "Click to hide stack frames")'>Click to show all stack frames</a>
<div class='stack-trace' id='stack-trace205649921'><pre>org.openqa.selenium.TimeoutException: Expected condition failed: waiting for visibility of element located by By.id: user-name (tried for 15 second(s) with 500 milliseconds interval)
	at org.openqa.selenium.support.ui.WebDriverWait.timeoutException(WebDriverWait.java:113)
	at org.openqa.selenium.support.ui.FluentWait.until(FluentWait.java:283)
	at com.yourcompany.SampleSauceTest.login(SampleSauceTest.java:227)
	at com.yourcompany.SampleSauceTest.lockedOutLoginFlow(SampleSauceTest.java:202)
	at sun.reflect.NativeMethodAccessorImpl.invoke0(Native Method)
	at sun.reflect.NativeMethodAccessorImpl.invoke(NativeMethodAccessorImpl.java:62)
	at sun.reflect.DelegatingMethodAccessorImpl.invoke(DelegatingMethodAccessorImpl.java:43)
	at java.lang.reflect.Method.invoke(Method.java:498)
	at org.testng.internal.MethodInvocationHelper.invokeMethod(MethodInvocationHelper.java:104)
	at org.testng.internal.Invoker.invokeMethod(Invoker.java:645)
	at org.testng.internal.Invoker.invokeTestMethod(Invoker.java:851)
	at org.testng.internal.TestMethodWithDataProviderMethodWorker.call(TestMethodWithDataProviderMethodWorker.java:75)
	at org.testng.internal.TestMethodWithDataProviderMethodWorker.call(TestMethodWithDataProviderMethodWorker.java:14)
	at java.util.concurrent.FutureTask.run(FutureTask.java:266)
	at java.util.concurrent.Executors$RunnableAdapter.call(Executors.java:511)
	at java.util.concurrent.FutureTask.run(FutureTask.java:266)
	at java.util.concurrent.ThreadPoolExecutor.runWorker(ThreadPoolExecutor.java:1149)
	at java.util.concurrent.ThreadPoolExecutor$Worker.run(ThreadPoolExecutor.java:624)
	at java.lang.Thread.run(Thread.java:748)
Caused by: org.openqa.selenium.NoSuchElementException: Cannot locate an element using By.id: user-name
For documentation on this error, please visit: http://seleniumhq.org/exceptions/no_such_element.html
Build info: version: &apos;3.14.0&apos;, revision: &apos;aacccce0&apos;, time: &apos;2018-08-02T20:19:58.91Z&apos;
System info: host: &apos;SL-1142&apos;, ip: &apos;fe80:0:0:0:4fa:9ddc:f273:c531%en0&apos;, os.name: &apos;Mac OS X&apos;, os.arch: &apos;x86_64&apos;, os.version: &apos;10.14.6&apos;, java.version: &apos;1.8.0_191&apos;
Driver info: driver.version: unknown
	at org.openqa.selenium.support.ui.ExpectedConditions.lambda$findElement$0(ExpectedConditions.java:896)
	at java.util.Optional.orElseThrow(Optional.java:290)
	at org.openqa.selenium.support.ui.ExpectedConditions.findElement(ExpectedConditions.java:895)
	at org.openqa.selenium.support.ui.ExpectedConditions.access$000(ExpectedConditions.java:44)
	at org.openqa.selenium.support.ui.ExpectedConditions$7.apply(ExpectedConditions.java:206)
	at org.openqa.selenium.support.ui.ExpectedConditions$7.apply(ExpectedConditions.java:202)
	at org.openqa.selenium.support.ui.FluentWait.until(FluentWait.java:260)
	... 17 more
</pre></div></td>
<td>37</td>
<td>com.yourcompany.SampleSauceTest@6e8dacdf</td></tr>
<tr>
<td title='com.yourcompany.SampleSauceTest.problemLoginFlow()'><b>problemLoginFlow</b><br>Test class: com.yourcompany.SampleSauceTest<br>Parameters: MicrosoftEdge, 18.17763, Windows 10, public void com.yourcompany.SampleSauceTest.problemLoginFlow(java.lang.String,java.lang.String,java.lang.String,java.lang.reflect.Method) throws java.lang.Exception</td>
<td><div><pre>org.openqa.selenium.TimeoutException: Expected condition failed: waiting for visibility of element located by By.id: user-name (tried for 15 second(s) with 500 milliseconds interval)
	at org.openqa.selenium.support.ui.WebDriverWait.timeoutException(WebDriverWait.java:113)
	at org.openqa.selenium.support.ui.FluentWait.until(FluentWait.java:283)
	at com.yourcompany.SampleSauceTest.login(SampleSauceTest.java:227)
	at com.yourcompany.SampleSauceTest.problemLoginFlow(SampleSauceTest.java:194)
	at java.util.concurrent.FutureTask.run(FutureTask.java:266)
	at java.util.concurrent.Executors$RunnableAdapter.call(Executors.java:511)
	at java.util.concurrent.FutureTask.run(FutureTask.java:266)
	at java.util.concurrent.ThreadPoolExecutor.runWorker(ThreadPoolExecutor.java:1149)
	at java.util.concurrent.ThreadPoolExecutor$Worker.run(ThreadPoolExecutor.java:624)
	at java.lang.Thread.run(Thread.java:748)
Caused by: org.openqa.selenium.NoSuchElementException: Cannot locate an element using By.id: user-name
For documentation on this error, please visit: http://seleniumhq.org/exceptions/no_such_element.html
Build info: version: &apos;3.14.0&apos;, revision: &apos;aacccce0&apos;, time: &apos;2018-08-02T20:19:58.91Z&apos;
System info: host: &apos;SL-1142&apos;, ip: &apos;fe80:0:0:0:4fa:9ddc:f273:c531%en0&apos;, os.name: &apos;Mac OS X&apos;, os.arch: &apos;x86_64&apos;, os.version: &apos;10.14.6&apos;, java.version: &apos;1.8.0_191&apos;
Driver info: driver.version: unknown
	at org.openqa.selenium.support.ui.ExpectedConditions.lambda$findElement$0(ExpectedConditions.java:896)
	at java.util.Optional.orElseThrow(Optional.java:290)
	at org.openqa.selenium.support.ui.ExpectedConditions.findElement(ExpectedConditions.java:895)
	at org.openqa.selenium.support.ui.ExpectedConditions.access$000(ExpectedConditions.java:44)
	at org.openqa.selenium.support.ui.ExpectedConditions$7.apply(ExpectedConditions.java:206)
	at org.openqa.selenium.support.ui.ExpectedConditions$7.apply(ExpectedConditions.java:202)
	at org.openqa.selenium.support.ui.FluentWait.until(FluentWait.java:260)
	... 17 more
... Removed 9 stack frames</pre></div><a href='#' onClick='toggleBox("stack-trace2107159839", this, "Click to show all stack frames", "Click to hide stack frames")'>Click to show all stack frames</a>
<div class='stack-trace' id='stack-trace2107159839'><pre>org.openqa.selenium.TimeoutException: Expected condition failed: waiting for visibility of element located by By.id: user-name (tried for 15 second(s) with 500 milliseconds interval)
	at org.openqa.selenium.support.ui.WebDriverWait.timeoutException(WebDriverWait.java:113)
	at org.openqa.selenium.support.ui.FluentWait.until(FluentWait.java:283)
	at com.yourcompany.SampleSauceTest.login(SampleSauceTest.java:227)
	at com.yourcompany.SampleSauceTest.problemLoginFlow(SampleSauceTest.java:194)
	at sun.reflect.NativeMethodAccessorImpl.invoke0(Native Method)
	at sun.reflect.NativeMethodAccessorImpl.invoke(NativeMethodAccessorImpl.java:62)
	at sun.reflect.DelegatingMethodAccessorImpl.invoke(DelegatingMethodAccessorImpl.java:43)
	at java.lang.reflect.Method.invoke(Method.java:498)
	at org.testng.internal.MethodInvocationHelper.invokeMethod(MethodInvocationHelper.java:104)
	at org.testng.internal.Invoker.invokeMethod(Invoker.java:645)
	at org.testng.internal.Invoker.invokeTestMethod(Invoker.java:851)
	at org.testng.internal.TestMethodWithDataProviderMethodWorker.call(TestMethodWithDataProviderMethodWorker.java:75)
	at org.testng.internal.TestMethodWithDataProviderMethodWorker.call(TestMethodWithDataProviderMethodWorker.java:14)
	at java.util.concurrent.FutureTask.run(FutureTask.java:266)
	at java.util.concurrent.Executors$RunnableAdapter.call(Executors.java:511)
	at java.util.concurrent.FutureTask.run(FutureTask.java:266)
	at java.util.concurrent.ThreadPoolExecutor.runWorker(ThreadPoolExecutor.java:1149)
	at java.util.concurrent.ThreadPoolExecutor$Worker.run(ThreadPoolExecutor.java:624)
	at java.lang.Thread.run(Thread.java:748)
Caused by: org.openqa.selenium.NoSuchElementException: Cannot locate an element using By.id: user-name
For documentation on this error, please visit: http://seleniumhq.org/exceptions/no_such_element.html
Build info: version: &apos;3.14.0&apos;, revision: &apos;aacccce0&apos;, time: &apos;2018-08-02T20:19:58.91Z&apos;
System info: host: &apos;SL-1142&apos;, ip: &apos;fe80:0:0:0:4fa:9ddc:f273:c531%en0&apos;, os.name: &apos;Mac OS X&apos;, os.arch: &apos;x86_64&apos;, os.version: &apos;10.14.6&apos;, java.version: &apos;1.8.0_191&apos;
Driver info: driver.version: unknown
	at org.openqa.selenium.support.ui.ExpectedConditions.lambda$findElement$0(ExpectedConditions.java:896)
	at java.util.Optional.orElseThrow(Optional.java:290)
	at org.openqa.selenium.support.ui.ExpectedConditions.findElement(ExpectedConditions.java:895)
	at org.openqa.selenium.support.ui.ExpectedConditions.access$000(ExpectedConditions.java:44)
	at org.openqa.selenium.support.ui.ExpectedConditions$7.apply(ExpectedConditions.java:206)
	at org.openqa.selenium.support.ui.ExpectedConditions$7.apply(ExpectedConditions.java:202)
	at org.openqa.selenium.support.ui.FluentWait.until(FluentWait.java:260)
	... 17 more
</pre></div></td>
<td>34</td>
<td>com.yourcompany.SampleSauceTest@6e8dacdf</td></tr>
<tr>
<td title='com.yourcompany.SampleSauceTest.validLoginFlow()'><b>validLoginFlow</b><br>Test class: com.yourcompany.SampleSauceTest<br>Parameters: MicrosoftEdge, 18.17763, Windows 10, public void com.yourcompany.SampleSauceTest.validLoginFlow(java.lang.String,java.lang.String,java.lang.String,java.lang.reflect.Method) throws java.lang.Exception</td>
<td><div><pre>org.openqa.selenium.TimeoutException: Expected condition failed: waiting for visibility of element located by By.id: user-name (tried for 15 second(s) with 500 milliseconds interval)
	at org.openqa.selenium.support.ui.WebDriverWait.timeoutException(WebDriverWait.java:113)
	at org.openqa.selenium.support.ui.FluentWait.until(FluentWait.java:283)
	at com.yourcompany.SampleSauceTest.login(SampleSauceTest.java:227)
	at com.yourcompany.SampleSauceTest.validLoginFlow(SampleSauceTest.java:186)
	at java.util.concurrent.FutureTask.run(FutureTask.java:266)
	at java.util.concurrent.Executors$RunnableAdapter.call(Executors.java:511)
	at java.util.concurrent.FutureTask.run(FutureTask.java:266)
	at java.util.concurrent.ThreadPoolExecutor.runWorker(ThreadPoolExecutor.java:1149)
	at java.util.concurrent.ThreadPoolExecutor$Worker.run(ThreadPoolExecutor.java:624)
	at java.lang.Thread.run(Thread.java:748)
Caused by: org.openqa.selenium.NoSuchElementException: Cannot locate an element using By.id: user-name
For documentation on this error, please visit: http://seleniumhq.org/exceptions/no_such_element.html
Build info: version: &apos;3.14.0&apos;, revision: &apos;aacccce0&apos;, time: &apos;2018-08-02T20:19:58.91Z&apos;
System info: host: &apos;SL-1142&apos;, ip: &apos;fe80:0:0:0:4fa:9ddc:f273:c531%en0&apos;, os.name: &apos;Mac OS X&apos;, os.arch: &apos;x86_64&apos;, os.version: &apos;10.14.6&apos;, java.version: &apos;1.8.0_191&apos;
Driver info: driver.version: unknown
	at org.openqa.selenium.support.ui.ExpectedConditions.lambda$findElement$0(ExpectedConditions.java:896)
	at java.util.Optional.orElseThrow(Optional.java:290)
	at org.openqa.selenium.support.ui.ExpectedConditions.findElement(ExpectedConditions.java:895)
	at org.openqa.selenium.support.ui.ExpectedConditions.access$000(ExpectedConditions.java:44)
	at org.openqa.selenium.support.ui.ExpectedConditions$7.apply(ExpectedConditions.java:206)
	at org.openqa.selenium.support.ui.ExpectedConditions$7.apply(ExpectedConditions.java:202)
	at org.openqa.selenium.support.ui.FluentWait.until(FluentWait.java:260)
	... 17 more
... Removed 9 stack frames</pre></div><a href='#' onClick='toggleBox("stack-trace1253485779", this, "Click to show all stack frames", "Click to hide stack frames")'>Click to show all stack frames</a>
<div class='stack-trace' id='stack-trace1253485779'><pre>org.openqa.selenium.TimeoutException: Expected condition failed: waiting for visibility of element located by By.id: user-name (tried for 15 second(s) with 500 milliseconds interval)
	at org.openqa.selenium.support.ui.WebDriverWait.timeoutException(WebDriverWait.java:113)
	at org.openqa.selenium.support.ui.FluentWait.until(FluentWait.java:283)
	at com.yourcompany.SampleSauceTest.login(SampleSauceTest.java:227)
	at com.yourcompany.SampleSauceTest.validLoginFlow(SampleSauceTest.java:186)
	at sun.reflect.NativeMethodAccessorImpl.invoke0(Native Method)
	at sun.reflect.NativeMethodAccessorImpl.invoke(NativeMethodAccessorImpl.java:62)
	at sun.reflect.DelegatingMethodAccessorImpl.invoke(DelegatingMethodAccessorImpl.java:43)
	at java.lang.reflect.Method.invoke(Method.java:498)
	at org.testng.internal.MethodInvocationHelper.invokeMethod(MethodInvocationHelper.java:104)
	at org.testng.internal.Invoker.invokeMethod(Invoker.java:645)
	at org.testng.internal.Invoker.invokeTestMethod(Invoker.java:851)
	at org.testng.internal.TestMethodWithDataProviderMethodWorker.call(TestMethodWithDataProviderMethodWorker.java:75)
	at org.testng.internal.TestMethodWithDataProviderMethodWorker.call(TestMethodWithDataProviderMethodWorker.java:14)
	at java.util.concurrent.FutureTask.run(FutureTask.java:266)
	at java.util.concurrent.Executors$RunnableAdapter.call(Executors.java:511)
	at java.util.concurrent.FutureTask.run(FutureTask.java:266)
	at java.util.concurrent.ThreadPoolExecutor.runWorker(ThreadPoolExecutor.java:1149)
	at java.util.concurrent.ThreadPoolExecutor$Worker.run(ThreadPoolExecutor.java:624)
	at java.lang.Thread.run(Thread.java:748)
Caused by: org.openqa.selenium.NoSuchElementException: Cannot locate an element using By.id: user-name
For documentation on this error, please visit: http://seleniumhq.org/exceptions/no_such_element.html
Build info: version: &apos;3.14.0&apos;, revision: &apos;aacccce0&apos;, time: &apos;2018-08-02T20:19:58.91Z&apos;
System info: host: &apos;SL-1142&apos;, ip: &apos;fe80:0:0:0:4fa:9ddc:f273:c531%en0&apos;, os.name: &apos;Mac OS X&apos;, os.arch: &apos;x86_64&apos;, os.version: &apos;10.14.6&apos;, java.version: &apos;1.8.0_191&apos;
Driver info: driver.version: unknown
	at org.openqa.selenium.support.ui.ExpectedConditions.lambda$findElement$0(ExpectedConditions.java:896)
	at java.util.Optional.orElseThrow(Optional.java:290)
	at org.openqa.selenium.support.ui.ExpectedConditions.findElement(ExpectedConditions.java:895)
	at org.openqa.selenium.support.ui.ExpectedConditions.access$000(ExpectedConditions.java:44)
	at org.openqa.selenium.support.ui.ExpectedConditions$7.apply(ExpectedConditions.java:206)
	at org.openqa.selenium.support.ui.ExpectedConditions$7.apply(ExpectedConditions.java:202)
	at org.openqa.selenium.support.ui.FluentWait.until(FluentWait.java:260)
	... 17 more
</pre></div></td>
<td>36</td>
<td>com.yourcompany.SampleSauceTest@6e8dacdf</td></tr>
</table><p>
<table width='100%' border='1' class='invocation-passed'>
<tr><td colspan='4' align='center'><b>PASSED TESTS</b></td></tr>
<tr><td><b>Test method</b></td>
<td width="30%"><b>Exception</b></td>
<td width="10%"><b>Time (seconds)</b></td>
<td><b>Instance</b></td>
</tr>
<tr>
<td title='com.yourcompany.SampleSauceTest.demoPageTitle()'><b>demoPageTitle</b><br>Test class: com.yourcompany.SampleSauceTest<br>Parameters: internet explorer, 11, Windows 8.1, public void com.yourcompany.SampleSauceTest.demoPageTitle(java.lang.String,java.lang.String,java.lang.String,java.lang.reflect.Method) throws java.lang.Exception</td>
<td></td>
<td>7</td>
<td>com.yourcompany.SampleSauceTest@6e8dacdf</td></tr>
<tr>
<td title='com.yourcompany.SampleSauceTest.demoPageTitle()'><b>demoPageTitle</b><br>Test class: com.yourcompany.SampleSauceTest<br>Parameters: safari, 11.0, macOS 10.12, public void com.yourcompany.SampleSauceTest.demoPageTitle(java.lang.String,java.lang.String,java.lang.String,java.lang.reflect.Method) throws java.lang.Exception</td>
<td></td>
<td>10</td>
<td>com.yourcompany.SampleSauceTest@6e8dacdf</td></tr>
<tr>
<td title='com.yourcompany.SampleSauceTest.demoPageTitle()'><b>demoPageTitle</b><br>Test class: com.yourcompany.SampleSauceTest<br>Parameters: firefox, 55.0, Windows 7, public void com.yourcompany.SampleSauceTest.demoPageTitle(java.lang.String,java.lang.String,java.lang.String,java.lang.reflect.Method) throws java.lang.Exception</td>
<td></td>
<td>13</td>
<td>com.yourcompany.SampleSauceTest@6e8dacdf</td></tr>
<tr>
<td title='com.yourcompany.SampleSauceTest.demoPageTitle()'><b>demoPageTitle</b><br>Test class: com.yourcompany.SampleSauceTest<br>Parameters: firefox, 62.0, Windows 10, public void com.yourcompany.SampleSauceTest.demoPageTitle(java.lang.String,java.lang.String,java.lang.String,java.lang.reflect.Method) throws java.lang.Exception</td>
<td></td>
<td>15</td>
<td>com.yourcompany.SampleSauceTest@6e8dacdf</td></tr>
<tr>
<td title='com.yourcompany.SampleSauceTest.demoPageTitle()'><b>demoPageTitle</b><br>Test class: com.yourcompany.SampleSauceTest<br>Parameters: safari, 12, macOS 10.13, public void com.yourcompany.SampleSauceTest.demoPageTitle(java.lang.String,java.lang.String,java.lang.String,java.lang.reflect.Method) throws java.lang.Exception</td>
<td></td>
<td>19</td>
<td>com.yourcompany.SampleSauceTest@6e8dacdf</td></tr>
<tr>
<td title='com.yourcompany.SampleSauceTest.demoPageTitle()'><b>demoPageTitle</b><br>Test class: com.yourcompany.SampleSauceTest<br>Parameters: firefox, 64, macOS 10.14, public void com.yourcompany.SampleSauceTest.demoPageTitle(java.lang.String,java.lang.String,java.lang.String,java.lang.reflect.Method) throws java.lang.Exception</td>
<td></td>
<td>21</td>
<td>com.yourcompany.SampleSauceTest@6e8dacdf</td></tr>
<tr>
<td title='com.yourcompany.SampleSauceTest.demoPageTitle()'><b>demoPageTitle</b><br>Test class: com.yourcompany.SampleSauceTest<br>Parameters: chrome, 76.0, Windows 10, public void com.yourcompany.SampleSauceTest.demoPageTitle(java.lang.String,java.lang.String,java.lang.String,java.lang.reflect.Method) throws java.lang.Exception</td>
<td></td>
<td>25</td>
<td>com.yourcompany.SampleSauceTest@6e8dacdf</td></tr>
<tr>
<td title='com.yourcompany.SampleSauceTest.demoPageTitle()'><b>demoPageTitle</b><br>Test class: com.yourcompany.SampleSauceTest<br>Parameters: chrome, 70.0, OS X 10.11, public void com.yourcompany.SampleSauceTest.demoPageTitle(java.lang.String,java.lang.String,java.lang.String,java.lang.reflect.Method) throws java.lang.Exception</td>
<td></td>
<td>32</td>
<td>com.yourcompany.SampleSauceTest@6e8dacdf</td></tr>
<tr>
<td title='com.yourcompany.SampleSauceTest.demoPageTitle()'><b>demoPageTitle</b><br>Test class: com.yourcompany.SampleSauceTest<br>Parameters: chrome, 69.0, OS X 10.10, public void com.yourcompany.SampleSauceTest.demoPageTitle(java.lang.String,java.lang.String,java.lang.String,java.lang.reflect.Method) throws java.lang.Exception</td>
<td></td>
<td>35</td>
<td>com.yourcompany.SampleSauceTest@6e8dacdf</td></tr>
<tr>
<td title='com.yourcompany.SampleSauceTest.invalidLoginFlow()'><b>invalidLoginFlow</b><br>Test class: com.yourcompany.SampleSauceTest<br>Parameters: internet explorer, 11, Windows 8.1, public void com.yourcompany.SampleSauceTest.invalidLoginFlow(java.lang.String,java.lang.String,java.lang.String,java.lang.reflect.Method) throws java.lang.Exception</td>
<td></td>
<td>17</td>
<td>com.yourcompany.SampleSauceTest@6e8dacdf</td></tr>
<tr>
<td title='com.yourcompany.SampleSauceTest.invalidLoginFlow()'><b>invalidLoginFlow</b><br>Test class: com.yourcompany.SampleSauceTest<br>Parameters: safari, 11.0, macOS 10.12, public void com.yourcompany.SampleSauceTest.invalidLoginFlow(java.lang.String,java.lang.String,java.lang.String,java.lang.reflect.Method) throws java.lang.Exception</td>
<td></td>
<td>20</td>
<td>com.yourcompany.SampleSauceTest@6e8dacdf</td></tr>
<tr>
<td title='com.yourcompany.SampleSauceTest.invalidLoginFlow()'><b>invalidLoginFlow</b><br>Test class: com.yourcompany.SampleSauceTest<br>Parameters: firefox, 62.0, Windows 10, public void com.yourcompany.SampleSauceTest.invalidLoginFlow(java.lang.String,java.lang.String,java.lang.String,java.lang.reflect.Method) throws java.lang.Exception</td>
<td></td>
<td>22</td>
<td>com.yourcompany.SampleSauceTest@6e8dacdf</td></tr>
<tr>
<td title='com.yourcompany.SampleSauceTest.invalidLoginFlow()'><b>invalidLoginFlow</b><br>Test class: com.yourcompany.SampleSauceTest<br>Parameters: safari, 12, macOS 10.13, public void com.yourcompany.SampleSauceTest.invalidLoginFlow(java.lang.String,java.lang.String,java.lang.String,java.lang.reflect.Method) throws java.lang.Exception</td>
<td></td>
<td>23</td>
<td>com.yourcompany.SampleSauceTest@6e8dacdf</td></tr>
<tr>
<td title='com.yourcompany.SampleSauceTest.invalidLoginFlow()'><b>invalidLoginFlow</b><br>Test class: com.yourcompany.SampleSauceTest<br>Parameters: firefox, 55.0, Windows 7, public void com.yourcompany.SampleSauceTest.invalidLoginFlow(java.lang.String,java.lang.String,java.lang.String,java.lang.reflect.Method) throws java.lang.Exception</td>
<td></td>
<td>25</td>
<td>com.yourcompany.SampleSauceTest@6e8dacdf</td></tr>
<tr>
<td title='com.yourcompany.SampleSauceTest.invalidLoginFlow()'><b>invalidLoginFlow</b><br>Test class: com.yourcompany.SampleSauceTest<br>Parameters: firefox, 64, macOS 10.14, public void com.yourcompany.SampleSauceTest.invalidLoginFlow(java.lang.String,java.lang.String,java.lang.String,java.lang.reflect.Method) throws java.lang.Exception</td>
<td></td>
<td>33</td>
<td>com.yourcompany.SampleSauceTest@6e8dacdf</td></tr>
<tr>
<td title='com.yourcompany.SampleSauceTest.invalidLoginFlow()'><b>invalidLoginFlow</b><br>Test class: com.yourcompany.SampleSauceTest<br>Parameters: chrome, 76.0, Windows 10, public void com.yourcompany.SampleSauceTest.invalidLoginFlow(java.lang.String,java.lang.String,java.lang.String,java.lang.reflect.Method) throws java.lang.Exception</td>
<td></td>
<td>39</td>
<td>com.yourcompany.SampleSauceTest@6e8dacdf</td></tr>
<tr>
<td title='com.yourcompany.SampleSauceTest.invalidLoginFlow()'><b>invalidLoginFlow</b><br>Test class: com.yourcompany.SampleSauceTest<br>Parameters: chrome, 70.0, OS X 10.11, public void com.yourcompany.SampleSauceTest.invalidLoginFlow(java.lang.String,java.lang.String,java.lang.String,java.lang.reflect.Method) throws java.lang.Exception</td>
<td></td>
<td>40</td>
<td>com.yourcompany.SampleSauceTest@6e8dacdf</td></tr>
<tr>
<td title='com.yourcompany.SampleSauceTest.invalidLoginFlow()'><b>invalidLoginFlow</b><br>Test class: com.yourcompany.SampleSauceTest<br>Parameters: chrome, 69.0, OS X 10.10, public void com.yourcompany.SampleSauceTest.invalidLoginFlow(java.lang.String,java.lang.String,java.lang.String,java.lang.reflect.Method) throws java.lang.Exception</td>
<td></td>
<td>41</td>
<td>com.yourcompany.SampleSauceTest@6e8dacdf</td></tr>
<tr>
<td title='com.yourcompany.SampleSauceTest.lockedOutLoginFlow()'><b>lockedOutLoginFlow</b><br>Test class: com.yourcompany.SampleSauceTest<br>Parameters: firefox, 55.0, Windows 7, public void com.yourcompany.SampleSauceTest.lockedOutLoginFlow(java.lang.String,java.lang.String,java.lang.String,java.lang.reflect.Method) throws java.lang.Exception</td>
<td></td>
<td>21</td>
<td>com.yourcompany.SampleSauceTest@6e8dacdf</td></tr>
<tr>
<td title='com.yourcompany.SampleSauceTest.lockedOutLoginFlow()'><b>lockedOutLoginFlow</b><br>Test class: com.yourcompany.SampleSauceTest<br>Parameters: firefox, 62.0, Windows 10, public void com.yourcompany.SampleSauceTest.lockedOutLoginFlow(java.lang.String,java.lang.String,java.lang.String,java.lang.reflect.Method) throws java.lang.Exception</td>
<td></td>
<td>22</td>
<td>com.yourcompany.SampleSauceTest@6e8dacdf</td></tr>
<tr>
<td title='com.yourcompany.SampleSauceTest.lockedOutLoginFlow()'><b>lockedOutLoginFlow</b><br>Test class: com.yourcompany.SampleSauceTest<br>Parameters: safari, 12, macOS 10.13, public void com.yourcompany.SampleSauceTest.lockedOutLoginFlow(java.lang.String,java.lang.String,java.lang.String,java.lang.reflect.Method) throws java.lang.Exception</td>
<td></td>
<td>23</td>
<td>com.yourcompany.SampleSauceTest@6e8dacdf</td></tr>
<tr>
<td title='com.yourcompany.SampleSauceTest.lockedOutLoginFlow()'><b>lockedOutLoginFlow</b><br>Test class: com.yourcompany.SampleSauceTest<br>Parameters: internet explorer, 11, Windows 8.1, public void com.yourcompany.SampleSauceTest.lockedOutLoginFlow(java.lang.String,java.lang.String,java.lang.String,java.lang.reflect.Method) throws java.lang.Exception</td>
<td></td>
<td>23</td>
<td>com.yourcompany.SampleSauceTest@6e8dacdf</td></tr>
<tr>
<td title='com.yourcompany.SampleSauceTest.lockedOutLoginFlow()'><b>lockedOutLoginFlow</b><br>Test class: com.yourcompany.SampleSauceTest<br>Parameters: safari, 11.0, macOS 10.12, public void com.yourcompany.SampleSauceTest.lockedOutLoginFlow(java.lang.String,java.lang.String,java.lang.String,java.lang.reflect.Method) throws java.lang.Exception</td>
<td></td>
<td>28</td>
<td>com.yourcompany.SampleSauceTest@6e8dacdf</td></tr>
<tr>
<td title='com.yourcompany.SampleSauceTest.lockedOutLoginFlow()'><b>lockedOutLoginFlow</b><br>Test class: com.yourcompany.SampleSauceTest<br>Parameters: firefox, 64, macOS 10.14, public void com.yourcompany.SampleSauceTest.lockedOutLoginFlow(java.lang.String,java.lang.String,java.lang.String,java.lang.reflect.Method) throws java.lang.Exception</td>
<td></td>
<td>29</td>
<td>com.yourcompany.SampleSauceTest@6e8dacdf</td></tr>
<tr>
<td title='com.yourcompany.SampleSauceTest.lockedOutLoginFlow()'><b>lockedOutLoginFlow</b><br>Test class: com.yourcompany.SampleSauceTest<br>Parameters: chrome, 76.0, Windows 10, public void com.yourcompany.SampleSauceTest.lockedOutLoginFlow(java.lang.String,java.lang.String,java.lang.String,java.lang.reflect.Method) throws java.lang.Exception</td>
<td></td>
<td>39</td>
<td>com.yourcompany.SampleSauceTest@6e8dacdf</td></tr>
<tr>
<td title='com.yourcompany.SampleSauceTest.lockedOutLoginFlow()'><b>lockedOutLoginFlow</b><br>Test class: com.yourcompany.SampleSauceTest<br>Parameters: chrome, 70.0, OS X 10.11, public void com.yourcompany.SampleSauceTest.lockedOutLoginFlow(java.lang.String,java.lang.String,java.lang.String,java.lang.reflect.Method) throws java.lang.Exception</td>
<td></td>
<td>40</td>
<td>com.yourcompany.SampleSauceTest@6e8dacdf</td></tr>
<tr>
<td title='com.yourcompany.SampleSauceTest.lockedOutLoginFlow()'><b>lockedOutLoginFlow</b><br>Test class: com.yourcompany.SampleSauceTest<br>Parameters: chrome, 69.0, OS X 10.10, public void com.yourcompany.SampleSauceTest.lockedOutLoginFlow(java.lang.String,java.lang.String,java.lang.String,java.lang.reflect.Method) throws java.lang.Exception</td>
<td></td>
<td>40</td>
<td>com.yourcompany.SampleSauceTest@6e8dacdf</td></tr>
<tr>
<td title='com.yourcompany.SampleSauceTest.problemLoginFlow()'><b>problemLoginFlow</b><br>Test class: com.yourcompany.SampleSauceTest<br>Parameters: safari, 12, macOS 10.13, public void com.yourcompany.SampleSauceTest.problemLoginFlow(java.lang.String,java.lang.String,java.lang.String,java.lang.reflect.Method) throws java.lang.Exception</td>
<td></td>
<td>17</td>
<td>com.yourcompany.SampleSauceTest@6e8dacdf</td></tr>
<tr>
<td title='com.yourcompany.SampleSauceTest.problemLoginFlow()'><b>problemLoginFlow</b><br>Test class: com.yourcompany.SampleSauceTest<br>Parameters: firefox, 55.0, Windows 7, public void com.yourcompany.SampleSauceTest.problemLoginFlow(java.lang.String,java.lang.String,java.lang.String,java.lang.reflect.Method) throws java.lang.Exception</td>
<td></td>
<td>17</td>
<td>com.yourcompany.SampleSauceTest@6e8dacdf</td></tr>
<tr>
<td title='com.yourcompany.SampleSauceTest.problemLoginFlow()'><b>problemLoginFlow</b><br>Test class: com.yourcompany.SampleSauceTest<br>Parameters: internet explorer, 11, Windows 8.1, public void com.yourcompany.SampleSauceTest.problemLoginFlow(java.lang.String,java.lang.String,java.lang.String,java.lang.reflect.Method) throws java.lang.Exception</td>
<td></td>
<td>21</td>
<td>com.yourcompany.SampleSauceTest@6e8dacdf</td></tr>
<tr>
<td title='com.yourcompany.SampleSauceTest.problemLoginFlow()'><b>problemLoginFlow</b><br>Test class: com.yourcompany.SampleSauceTest<br>Parameters: safari, 11.0, macOS 10.12, public void com.yourcompany.SampleSauceTest.problemLoginFlow(java.lang.String,java.lang.String,java.lang.String,java.lang.reflect.Method) throws java.lang.Exception</td>
<td></td>
<td>21</td>
<td>com.yourcompany.SampleSauceTest@6e8dacdf</td></tr>
<tr>
<td title='com.yourcompany.SampleSauceTest.problemLoginFlow()'><b>problemLoginFlow</b><br>Test class: com.yourcompany.SampleSauceTest<br>Parameters: firefox, 62.0, Windows 10, public void com.yourcompany.SampleSauceTest.problemLoginFlow(java.lang.String,java.lang.String,java.lang.String,java.lang.reflect.Method) throws java.lang.Exception</td>
<td></td>
<td>26</td>
<td>com.yourcompany.SampleSauceTest@6e8dacdf</td></tr>
<tr>
<td title='com.yourcompany.SampleSauceTest.problemLoginFlow()'><b>problemLoginFlow</b><br>Test class: com.yourcompany.SampleSauceTest<br>Parameters: firefox, 64, macOS 10.14, public void com.yourcompany.SampleSauceTest.problemLoginFlow(java.lang.String,java.lang.String,java.lang.String,java.lang.reflect.Method) throws java.lang.Exception</td>
<td></td>
<td>43</td>
<td>com.yourcompany.SampleSauceTest@6e8dacdf</td></tr>
<tr>
<td title='com.yourcompany.SampleSauceTest.problemLoginFlow()'><b>problemLoginFlow</b><br>Test class: com.yourcompany.SampleSauceTest<br>Parameters: chrome, 76.0, Windows 10, public void com.yourcompany.SampleSauceTest.problemLoginFlow(java.lang.String,java.lang.String,java.lang.String,java.lang.reflect.Method) throws java.lang.Exception</td>
<td></td>
<td>51</td>
<td>com.yourcompany.SampleSauceTest@6e8dacdf</td></tr>
<tr>
<td title='com.yourcompany.SampleSauceTest.problemLoginFlow()'><b>problemLoginFlow</b><br>Test class: com.yourcompany.SampleSauceTest<br>Parameters: chrome, 70.0, OS X 10.11, public void com.yourcompany.SampleSauceTest.problemLoginFlow(java.lang.String,java.lang.String,java.lang.String,java.lang.reflect.Method) throws java.lang.Exception</td>
<td></td>
<td>56</td>
<td>com.yourcompany.SampleSauceTest@6e8dacdf</td></tr>
<tr>
<td title='com.yourcompany.SampleSauceTest.problemLoginFlow()'><b>problemLoginFlow</b><br>Test class: com.yourcompany.SampleSauceTest<br>Parameters: chrome, 69.0, OS X 10.10, public void com.yourcompany.SampleSauceTest.problemLoginFlow(java.lang.String,java.lang.String,java.lang.String,java.lang.reflect.Method) throws java.lang.Exception</td>
<td></td>
<td>57</td>
<td>com.yourcompany.SampleSauceTest@6e8dacdf</td></tr>
<tr>
<td title='com.yourcompany.SampleSauceTest.validLoginFlow()'><b>validLoginFlow</b><br>Test class: com.yourcompany.SampleSauceTest<br>Parameters: safari, 12, macOS 10.13, public void com.yourcompany.SampleSauceTest.validLoginFlow(java.lang.String,java.lang.String,java.lang.String,java.lang.reflect.Method) throws java.lang.Exception</td>
<td></td>
<td>19</td>
<td>com.yourcompany.SampleSauceTest@6e8dacdf</td></tr>
<tr>
<td title='com.yourcompany.SampleSauceTest.validLoginFlow()'><b>validLoginFlow</b><br>Test class: com.yourcompany.SampleSauceTest<br>Parameters: internet explorer, 11, Windows 8.1, public void com.yourcompany.SampleSauceTest.validLoginFlow(java.lang.String,java.lang.String,java.lang.String,java.lang.reflect.Method) throws java.lang.Exception</td>
<td></td>
<td>19</td>
<td>com.yourcompany.SampleSauceTest@6e8dacdf</td></tr>
<tr>
<td title='com.yourcompany.SampleSauceTest.validLoginFlow()'><b>validLoginFlow</b><br>Test class: com.yourcompany.SampleSauceTest<br>Parameters: firefox, 55.0, Windows 7, public void com.yourcompany.SampleSauceTest.validLoginFlow(java.lang.String,java.lang.String,java.lang.String,java.lang.reflect.Method) throws java.lang.Exception</td>
<td></td>
<td>19</td>
<td>com.yourcompany.SampleSauceTest@6e8dacdf</td></tr>
<tr>
<td title='com.yourcompany.SampleSauceTest.validLoginFlow()'><b>validLoginFlow</b><br>Test class: com.yourcompany.SampleSauceTest<br>Parameters: safari, 11.0, macOS 10.12, public void com.yourcompany.SampleSauceTest.validLoginFlow(java.lang.String,java.lang.String,java.lang.String,java.lang.reflect.Method) throws java.lang.Exception</td>
<td></td>
<td>19</td>
<td>com.yourcompany.SampleSauceTest@6e8dacdf</td></tr>
<tr>
<td title='com.yourcompany.SampleSauceTest.validLoginFlow()'><b>validLoginFlow</b><br>Test class: com.yourcompany.SampleSauceTest<br>Parameters: firefox, 62.0, Windows 10, public void com.yourcompany.SampleSauceTest.validLoginFlow(java.lang.String,java.lang.String,java.lang.String,java.lang.reflect.Method) throws java.lang.Exception</td>
<td></td>
<td>20</td>
<td>com.yourcompany.SampleSauceTest@6e8dacdf</td></tr>
<tr>
<td title='com.yourcompany.SampleSauceTest.validLoginFlow()'><b>validLoginFlow</b><br>Test class: com.yourcompany.SampleSauceTest<br>Parameters: firefox, 64, macOS 10.14, public void com.yourcompany.SampleSauceTest.validLoginFlow(java.lang.String,java.lang.String,java.lang.String,java.lang.reflect.Method) throws java.lang.Exception</td>
<td></td>
<td>29</td>
<td>com.yourcompany.SampleSauceTest@6e8dacdf</td></tr>
<tr>
<td title='com.yourcompany.SampleSauceTest.validLoginFlow()'><b>validLoginFlow</b><br>Test class: com.yourcompany.SampleSauceTest<br>Parameters: chrome, 76.0, Windows 10, public void com.yourcompany.SampleSauceTest.validLoginFlow(java.lang.String,java.lang.String,java.lang.String,java.lang.reflect.Method) throws java.lang.Exception</td>
<td></td>
<td>52</td>
<td>com.yourcompany.SampleSauceTest@6e8dacdf</td></tr>
<tr>
<td title='com.yourcompany.SampleSauceTest.validLoginFlow()'><b>validLoginFlow</b><br>Test class: com.yourcompany.SampleSauceTest<br>Parameters: chrome, 69.0, OS X 10.10, public void com.yourcompany.SampleSauceTest.validLoginFlow(java.lang.String,java.lang.String,java.lang.String,java.lang.reflect.Method) throws java.lang.Exception</td>
<td></td>
<td>52</td>
<td>com.yourcompany.SampleSauceTest@6e8dacdf</td></tr>
<tr>
<td title='com.yourcompany.SampleSauceTest.validLoginFlow()'><b>validLoginFlow</b><br>Test class: com.yourcompany.SampleSauceTest<br>Parameters: chrome, 70.0, OS X 10.11, public void com.yourcompany.SampleSauceTest.validLoginFlow(java.lang.String,java.lang.String,java.lang.String,java.lang.reflect.Method) throws java.lang.Exception</td>
<td></td>
<td>62</td>
<td>com.yourcompany.SampleSauceTest@6e8dacdf</td></tr>
</table><p>
</body>
</html>