<?xml version="1.0" encoding="UTF-8"?>
<testsuite xmlns:xsi="http://www.w3.org/2001/XMLSchema-instance" xsi:schemaLocation="https://maven.apache.org/surefire/maven-surefire-plugin/xsd/surefire-test-report.xsd" name="com.yourcompany.SampleSauceTest" time="64.094" tests="50" errors="0" skipped="0" failures="5">
  <properties>
    <property name="java.runtime.name" value="Java(TM) SE Runtime Environment"/>
    <property name="sun.boot.library.path" value="/Library/Java/JavaVirtualMachines/jdk1.8.0_191.jdk/Contents/Home/jre/lib"/>
    <property name="java.vm.version" value="25.191-b12"/>
    <property name="gopherProxySet" value="false"/>
    <property name="java.vm.vendor" value="Oracle Corporation"/>
    <property name="maven.multiModuleProjectDirectory" value="/Users/kevinberg/demos/Java-TestNG-Selenium"/>
    <property name="java.vendor.url" value="http://java.oracle.com/"/>
    <property name="path.separator" value=":"/>
    <property name="guice.disable.misplaced.annotation.check" value="true"/>
    <property name="java.vm.name" value="Java HotSpot(TM) 64-Bit Server VM"/>
    <property name="file.encoding.pkg" value="sun.io"/>
    <property name="user.country" value="US"/>
    <property name="sun.java.launcher" value="SUN_STANDARD"/>
    <property name="sun.os.patch.level" value="unknown"/>
    <property name="java.vm.specification.name" value="Java Virtual Machine Specification"/>
    <property name="user.dir" value="/Users/kevinberg/demos/Java-TestNG-Selenium"/>
    <property name="java.runtime.version" value="1.8.0_191-b12"/>
    <property name="java.awt.graphicsenv" value="sun.awt.CGraphicsEnvironment"/>
    <property name="java.endorsed.dirs" value="/Library/Java/JavaVirtualMachines/jdk1.8.0_191.jdk/Contents/Home/jre/lib/endorsed"/>
    <property name="os.arch" value="x86_64"/>
    <property name="java.io.tmpdir" value="/var/folders/1f/1ztpjxws0m93f1ycmtvh014h0000gq/T/"/>
    <property name="line.separator" value="&#10;"/>
    <property name="java.vm.specification.vendor" value="Oracle Corporation"/>
    <property name="os.name" value="Mac OS X"/>
    <property name="classworlds.conf" value="/usr/local/Cellar/maven/3.6.0/libexec/bin/m2.conf"/>
    <property name="sun.jnu.encoding" value="UTF-8"/>
    <property name="java.library.path" value="/Users/kevinberg/Library/Java/Extensions:/Library/Java/Extensions:/Network/Library/Java/Extensions:/System/Library/Java/Extensions:/usr/lib/java:."/>
    <property name="maven.conf" value="/usr/local/Cellar/maven/3.6.0/libexec/conf"/>
    <property name="java.specification.name" value="Java Platform API Specification"/>
    <property name="java.class.version" value="52.0"/>
    <property name="sun.management.compiler" value="HotSpot 64-Bit Tiered Compilers"/>
    <property name="os.version" value="10.14.6"/>
    <property name="library.jansi.path" value="/usr/local/Cellar/maven/3.6.0/libexec/lib/jansi-native"/>
    <property name="user.home" value="/Users/kevinberg"/>
    <property name="user.timezone" value="America/Denver"/>
    <property name="java.awt.printerjob" value="sun.lwawt.macosx.CPrinterJob"/>
    <property name="java.specification.version" value="1.8"/>
    <property name="file.encoding" value="UTF-8"/>
    <property name="user.name" value="kevinberg"/>
    <property name="java.class.path" value="/usr/local/Cellar/maven/3.6.0/libexec/boot/plexus-classworlds-2.5.2.jar"/>
    <property name="java.vm.specification.version" value="1.8"/>
    <property name="sun.arch.data.model" value="64"/>
    <property name="java.home" value="/Library/Java/JavaVirtualMachines/jdk1.8.0_191.jdk/Contents/Home/jre"/>
    <property name="sun.java.command" value="org.codehaus.plexus.classworlds.launcher.Launcher test"/>
    <property name="java.specification.vendor" value="Oracle Corporation"/>
    <property name="user.language" value="en"/>
    <property name="awt.toolkit" value="sun.lwawt.macosx.LWCToolkit"/>
    <property name="java.vm.info" value="mixed mode"/>
    <property name="java.version" value="1.8.0_191"/>
    <property name="java.ext.dirs" value="/Users/kevinberg/Library/Java/Extensions:/Library/Java/JavaVirtualMachines/jdk1.8.0_191.jdk/Contents/Home/jre/lib/ext:/Library/Java/Extensions:/Network/Library/Java/Extensions:/System/Library/Java/Extensions:/usr/lib/java"/>
    <property name="sun.boot.class.path" value="/Library/Java/JavaVirtualMachines/jdk1.8.0_191.jdk/Contents/Home/jre/lib/resources.jar:/Library/Java/JavaVirtualMachines/jdk1.8.0_191.jdk/Contents/Home/jre/lib/rt.jar:/Library/Java/JavaVirtualMachines/jdk1.8.0_191.jdk/Contents/Home/jre/lib/sunrsasign.jar:/Library/Java/JavaVirtualMachines/jdk1.8.0_191.jdk/Contents/Home/jre/lib/jsse.jar:/Library/Java/JavaVirtualMachines/jdk1.8.0_191.jdk/Contents/Home/jre/lib/jce.jar:/Library/Java/JavaVirtualMachines/jdk1.8.0_191.jdk/Contents/Home/jre/lib/charsets.jar:/Library/Java/JavaVirtualMachines/jdk1.8.0_191.jdk/Contents/Home/jre/lib/jfr.jar:/Library/Java/JavaVirtualMachines/jdk1.8.0_191.jdk/Contents/Home/jre/classes"/>
    <property name="java.vendor" value="Oracle Corporation"/>
    <property name="maven.home" value="/usr/local/Cellar/maven/3.6.0/libexec"/>
    <property name="file.separator" value="/"/>
    <property name="java.vendor.url.bug" value="http://bugreport.sun.com/bugreport/"/>
    <property name="sun.cpu.endian" value="little"/>
    <property name="sun.io.unicode.encoding" value="UnicodeBig"/>
    <property name="sun.cpu.isalist" value=""/>
  </properties>
  <testcase name="demoPageTitle" classname="com.yourcompany.SampleSauceTest" time="7.917"/>
  <testcase name="demoPageTitle" classname="com.yourcompany.SampleSauceTest" time="10.966"/>
  <testcase name="demoPageTitle" classname="com.yourcompany.SampleSauceTest" time="13.468"/>
  <testcase name="demoPageTitle" classname="com.yourcompany.SampleSauceTest" time="15.145"/>
  <testcase name="demoPageTitle" classname="com.yourcompany.SampleSauceTest" time="19.063">
    <failure message="expected [Swag Labs] but found [Error 400 Could not proxy https://www.saucedemo.com:443/ java.lang.RuntimeException: Couldn&apos;t establish SSL handshake. Try using trustAllSSLCertificates. Received fatal alert: handshake_failure]" type="java.lang.AssertionError">java.lang.AssertionError: expected [Swag Labs] but found [Error 400 Could not proxy https://www.saucedemo.com:443/ java.lang.RuntimeException: Couldn't establish SSL handshake. Try using trustAllSSLCertificates. Received fatal alert: handshake_failure]
	at com.yourcompany.SampleSauceTest.demoPageTitle(SampleSauceTest.java:179)
</failure>
    <system-out><![CDATA[WebDriverRemoteWebDriver: chrome on MAC (6626d987be0e41e8aff25e83fdc15c9e)
SauceOnDemandSessionID=6626d987be0e41e8aff25e83fdc15c9e job-name=demoPageTitle
]]></system-out>
    <system-err><![CDATA[Sep 18, 2019 3:44:04 PM org.openqa.selenium.remote.ProtocolHandshake createSession
INFO: Detected dialect: OSS
]]></system-err>
  </testcase>
  <testcase name="demoPageTitle" classname="com.yourcompany.SampleSauceTest" time="19.604"/>
  <testcase name="demoPageTitle" classname="com.yourcompany.SampleSauceTest" time="21.714"/>
  <testcase name="demoPageTitle" classname="com.yourcompany.SampleSauceTest" time="25.532"/>
  <testcase name="demoPageTitle" classname="com.yourcompany.SampleSauceTest" time="32.109"/>
  <testcase name="demoPageTitle" classname="com.yourcompany.SampleSauceTest" time="35.309"/>
  <testcase name="problemLoginFlow" classname="com.yourcompany.SampleSauceTest" time="17.39"/>
  <testcase name="problemLoginFlow" classname="com.yourcompany.SampleSauceTest" time="17.918"/>
  <testcase name="problemLoginFlow" classname="com.yourcompany.SampleSauceTest" time="21.735"/>
  <testcase name="problemLoginFlow" classname="com.yourcompany.SampleSauceTest" time="21.832"/>
  <testcase name="problemLoginFlow" classname="com.yourcompany.SampleSauceTest" time="26.047"/>
  <testcase name="problemLoginFlow" classname="com.yourcompany.SampleSauceTest" time="34.404">
    <failure message="Expected condition failed: waiting for visibility of element located by By.id: user-name (tried for 15 second(s) with 500 milliseconds interval)" type="org.openqa.selenium.TimeoutException">org.openqa.selenium.TimeoutException: Expected condition failed: waiting for visibility of element located by By.id: user-name (tried for 15 second(s) with 500 milliseconds interval)
	at com.yourcompany.SampleSauceTest.login(SampleSauceTest.java:227)
	at com.yourcompany.SampleSauceTest.problemLoginFlow(SampleSauceTest.java:194)
Caused by: org.openqa.selenium.NoSuchElementException: 
Cannot locate an element using By.id: user-name
For documentation on this error, please visit: http://seleniumhq.org/exceptions/no_such_element.html
Build info: version: '3.14.0', revision: 'aacccce0', time: '2018-08-02T20:19:58.91Z'
System info: host: 'SL-1142', ip: 'fe80:0:0:0:4fa:9ddc:f273:c531%en0', os.name: 'Mac OS X', os.arch: 'x86_64', os.version: '10.14.6', java.version: '1.8.0_191'
Driver info: driver.version: unknown
	at com.yourcompany.SampleSauceTest.login(SampleSauceTest.java:227)
	at com.yourcompany.SampleSauceTest.problemLoginFlow(SampleSauceTest.java:194)
</failure>
  </testcase>
  <testcase name="problemLoginFlow" classname="com.yourcompany.SampleSauceTest" time="43.635"/>
  <testcase name="problemLoginFlow" classname="com.yourcompany.SampleSauceTest" time="51.678"/>
  <testcase name="problemLoginFlow" classname="com.yourcompany.SampleSauceTest" time="56.941"/>
  <testcase name="problemLoginFlow" classname="com.yourcompany.SampleSauceTest" time="57.055"/>
  <testcase name="invalidLoginFlow" classname="com.yourcompany.SampleSauceTest" time="17.811"/>
  <testcase name="invalidLoginFlow" classname="com.yourcompany.SampleSauceTest" time="20.987"/>
  <testcase name="invalidLoginFlow" classname="com.yourcompany.SampleSauceTest" time="22.019"/>
  <testcase name="invalidLoginFlow" classname="com.yourcompany.SampleSauceTest" time="23.574"/>
  <testcase name="invalidLoginFlow" classname="com.yourcompany.SampleSauceTest" time="25.114"/>
  <testcase name="invalidLoginFlow" classname="com.yourcompany.SampleSauceTest" time="33.245"/>
  <testcase name="invalidLoginFlow" classname="com.yourcompany.SampleSauceTest" time="36.419">
    <failure message="Expected condition failed: waiting for visibility of element located by By.id: user-name (tried for 15 second(s) with 500 milliseconds interval)" type="org.openqa.selenium.TimeoutException">org.openqa.selenium.TimeoutException: Expected condition failed: waiting for visibility of element located by By.id: user-name (tried for 15 second(s) with 500 milliseconds interval)
	at com.yourcompany.SampleSauceTest.login(SampleSauceTest.java:227)
	at com.yourcompany.SampleSauceTest.invalidLoginFlow(SampleSauceTest.java:170)
Caused by: org.openqa.selenium.NoSuchElementException: 
Cannot locate an element using By.id: user-name
For documentation on this error, please visit: http://seleniumhq.org/exceptions/no_such_element.html
Build info: version: '3.14.0', revision: 'aacccce0', time: '2018-08-02T20:19:58.91Z'
System info: host: 'SL-1142', ip: 'fe80:0:0:0:4fa:9ddc:f273:c531%en0', os.name: 'Mac OS X', os.arch: 'x86_64', os.version: '10.14.6', java.version: '1.8.0_191'
Driver info: driver.version: unknown
	at com.yourcompany.SampleSauceTest.login(SampleSauceTest.java:227)
	at com.yourcompany.SampleSauceTest.invalidLoginFlow(SampleSauceTest.java:170)
</failure>
  </testcase>
  <testcase name="invalidLoginFlow" classname="com.yourcompany.SampleSauceTest" time="39.923"/>
  <testcase name="invalidLoginFlow" classname="com.yourcompany.SampleSauceTest" time="40.304"/>
  <testcase name="invalidLoginFlow" classname="com.yourcompany.SampleSauceTest" time="41.031"/>
  <testcase name="validLoginFlow" classname="com.yourcompany.SampleSauceTest" time="19.134"/>
  <testcase name="validLoginFlow" classname="com.yourcompany.SampleSauceTest" time="19.416"/>
  <testcase name="validLoginFlow" classname="com.yourcompany.SampleSauceTest" time="19.498"/>
  <testcase name="validLoginFlow" classname="com.yourcompany.SampleSauceTest" time="19.758"/>
  <testcase name="validLoginFlow" classname="com.yourcompany.SampleSauceTest" time="20.956"/>
  <testcase name="validLoginFlow" classname="com.yourcompany.SampleSauceTest" time="29.84"/>
  <testcase name="validLoginFlow" classname="com.yourcompany.SampleSauceTest" time="36.52">
    <failure message="Expected condition failed: waiting for visibility of element located by By.id: user-name (tried for 15 second(s) with 500 milliseconds interval)" type="org.openqa.selenium.TimeoutException">org.openqa.selenium.TimeoutException: Expected condition failed: waiting for visibility of element located by By.id: user-name (tried for 15 second(s) with 500 milliseconds interval)
	at com.yourcompany.SampleSauceTest.login(SampleSauceTest.java:227)
	at com.yourcompany.SampleSauceTest.validLoginFlow(SampleSauceTest.java:186)
Caused by: org.openqa.selenium.NoSuchElementException: 
Cannot locate an element using By.id: user-name
For documentation on this error, please visit: http://seleniumhq.org/exceptions/no_such_element.html
Build info: version: '3.14.0', revision: 'aacccce0', time: '2018-08-02T20:19:58.91Z'
System info: host: 'SL-1142', ip: 'fe80:0:0:0:4fa:9ddc:f273:c531%en0', os.name: 'Mac OS X', os.arch: 'x86_64', os.version: '10.14.6', java.version: '1.8.0_191'
Driver info: driver.version: unknown
	at com.yourcompany.SampleSauceTest.login(SampleSauceTest.java:227)
	at com.yourcompany.SampleSauceTest.validLoginFlow(SampleSauceTest.java:186)
</failure>
  </testcase>
  <testcase name="validLoginFlow" classname="com.yourcompany.SampleSauceTest" time="52.847"/>
  <testcase name="validLoginFlow" classname="com.yourcompany.SampleSauceTest" time="52.937"/>
  <testcase name="validLoginFlow" classname="com.yourcompany.SampleSauceTest" time="62.284"/>
  <testcase name="lockedOutLoginFlow" classname="com.yourcompany.SampleSauceTest" time="21.418"/>
  <testcase name="lockedOutLoginFlow" classname="com.yourcompany.SampleSauceTest" time="22.144"/>
  <testcase name="lockedOutLoginFlow" classname="com.yourcompany.SampleSauceTest" time="23.296"/>
  <testcase name="lockedOutLoginFlow" classname="com.yourcompany.SampleSauceTest" time="23.864"/>
  <testcase name="lockedOutLoginFlow" classname="com.yourcompany.SampleSauceTest" time="28.641"/>
  <testcase name="lockedOutLoginFlow" classname="com.yourcompany.SampleSauceTest" time="29.441"/>
  <testcase name="lockedOutLoginFlow" classname="com.yourcompany.SampleSauceTest" time="37.164">
    <failure message="Expected condition failed: waiting for visibility of element located by By.id: user-name (tried for 15 second(s) with 500 milliseconds interval)" type="org.openqa.selenium.TimeoutException">org.openqa.selenium.TimeoutException: Expected condition failed: waiting for visibility of element located by By.id: user-name (tried for 15 second(s) with 500 milliseconds interval)
	at com.yourcompany.SampleSauceTest.login(SampleSauceTest.java:227)
	at com.yourcompany.SampleSauceTest.lockedOutLoginFlow(SampleSauceTest.java:202)
Caused by: org.openqa.selenium.NoSuchElementException: 
Cannot locate an element using By.id: user-name
For documentation on this error, please visit: http://seleniumhq.org/exceptions/no_such_element.html
Build info: version: '3.14.0', revision: 'aacccce0', time: '2018-08-02T20:19:58.91Z'
System info: host: 'SL-1142', ip: 'fe80:0:0:0:4fa:9ddc:f273:c531%en0', os.name: 'Mac OS X', os.arch: 'x86_64', os.version: '10.14.6', java.version: '1.8.0_191'
Driver info: driver.version: unknown
	at com.yourcompany.SampleSauceTest.login(SampleSauceTest.java:227)
	at com.yourcompany.SampleSauceTest.lockedOutLoginFlow(SampleSauceTest.java:202)
</failure>
  </testcase>
  <testcase name="lockedOutLoginFlow" classname="com.yourcompany.SampleSauceTest" time="39.974"/>
  <testcase name="lockedOutLoginFlow" classname="com.yourcompany.SampleSauceTest" time="40.717"/>
  <testcase name="lockedOutLoginFlow" classname="com.yourcompany.SampleSauceTest" time="40.955"/>
</testsuite>