<?xml version="1.0" encoding="UTF-8"?>
<!-- Generated by org.testng.reporters.JUnitReportReporter -->
<testsuite name="com.yourcompany.SampleSauceTest" tests="50" time="1562.830" ignored="0" failures="1" timestamp="18 Sep 2019 21:44:50 GMT" skipped="0" hostname="SL-1142" errors="4">
  <testcase name="lockedOutLoginFlow" time="29.790" classname="com.yourcompany.SampleSauceTest"/>
  <testcase name="problemLoginFlow" time="54.588" classname="com.yourcompany.SampleSauceTest"/>
  <testcase name="problemLoginFlow" time="58.488" classname="com.yourcompany.SampleSauceTest"/>
  <testcase name="problemLoginFlow" time="34.788" classname="com.yourcompany.SampleSauceTest">
    <error type="org.openqa.selenium.TimeoutException" message="Expected condition failed: waiting for visibility of element located by By.id: user-name (tried for 15 second(s) with 500 milliseconds interval)">
      <![CDATA[org.openqa.selenium.TimeoutException: Expected condition failed: waiting for visibility of element located by By.id: user-name (tried for 15 second(s) with 500 milliseconds interval)
	at org.openqa.selenium.support.ui.WebDriverWait.timeoutException(WebDriverWait.java:113)
	at org.openqa.selenium.support.ui.FluentWait.until(FluentWait.java:283)
	at com.yourcompany.SampleSauceTest.login(SampleSauceTest.java:227)
	at com.yourcompany.SampleSauceTest.problemLoginFlow(SampleSauceTest.java:194)
	at sun.reflect.NativeMethodAccessorImpl.invoke0(Native Method)
	at sun.reflect.NativeMethodAccessorImpl.invoke(NativeMethodAccessorImpl.java:62)
	at sun.reflect.DelegatingMethodAccessorImpl.invoke(DelegatingMethodAccessorImpl.java:43)
	at java.lang.reflect.Method.invoke(Method.java:498)
	at org.testng.internal.MethodInvocationHelper.invokeMethod(MethodInvocationHelper.java:104)
	at org.testng.internal.Invoker.invokeMethod(Invoker.java:645)
	at org.testng.internal.Invoker.invokeTestMethod(Invoker.java:851)
	at org.testng.internal.TestMethodWithDataProviderMethodWorker.call(TestMethodWithDataProviderMethodWorker.java:75)
	at org.testng.internal.TestMethodWithDataProviderMethodWorker.call(TestMethodWithDataProviderMethodWorker.java:14)
	at java.util.concurrent.FutureTask.run(FutureTask.java:266)
	at java.util.concurrent.Executors$RunnableAdapter.call(Executors.java:511)
	at java.util.concurrent.FutureTask.run(FutureTask.java:266)
	at java.util.concurrent.ThreadPoolExecutor.runWorker(ThreadPoolExecutor.java:1149)
	at java.util.concurrent.ThreadPoolExecutor$Worker.run(ThreadPoolExecutor.java:624)
	at java.lang.Thread.run(Thread.java:748)
Caused by: org.openqa.selenium.NoSuchElementException: Cannot locate an element using By.id: user-name
For documentation on this error, please visit: http://seleniumhq.org/exceptions/no_such_element.html
Build info: version: '3.14.0', revision: 'aacccce0', time: '2018-08-02T20:19:58.91Z'
System info: host: 'SL-1142', ip: 'fe80:0:0:0:4fa:9ddc:f273:c531%en0', os.name: 'Mac OS X', os.arch: 'x86_64', os.version: '10.14.6', java.version: '1.8.0_191'
Driver info: driver.version: unknown
	at org.openqa.selenium.support.ui.ExpectedConditions.lambda$findElement$0(ExpectedConditions.java:896)
	at java.util.Optional.orElseThrow(Optional.java:290)
	at org.openqa.selenium.support.ui.ExpectedConditions.findElement(ExpectedConditions.java:895)
	at org.openqa.selenium.support.ui.ExpectedConditions.access$000(ExpectedConditions.java:44)
	at org.openqa.selenium.support.ui.ExpectedConditions$7.apply(ExpectedConditions.java:206)
	at org.openqa.selenium.support.ui.ExpectedConditions$7.apply(ExpectedConditions.java:202)
	at org.openqa.selenium.support.ui.FluentWait.until(FluentWait.java:260)
	... 17 more
]]>
    </error>
  </testcase> <!-- problemLoginFlow -->
  <testcase name="validLoginFlow" time="19.739" classname="com.yourcompany.SampleSauceTest"/>
  <testcase name="lockedOutLoginFlow" time="22.789" classname="com.yourcompany.SampleSauceTest"/>
  <testcase name="problemLoginFlow" time="29.512" classname="com.yourcompany.SampleSauceTest"/>
  <testcase name="validLoginFlow" time="20.327" classname="com.yourcompany.SampleSauceTest"/>
  <testcase name="validLoginFlow" time="33.926" classname="com.yourcompany.SampleSauceTest"/>
  <testcase name="problemLoginFlow" time="21.095" classname="com.yourcompany.SampleSauceTest"/>
  <testcase name="invalidLoginFlow" time="24.067" classname="com.yourcompany.SampleSauceTest"/>
  <testcase name="invalidLoginFlow" time="22.864" classname="com.yourcompany.SampleSauceTest"/>
  <testcase name="invalidLoginFlow" time="18.115" classname="com.yourcompany.SampleSauceTest"/>
  <testcase name="lockedOutLoginFlow" time="40.400" classname="com.yourcompany.SampleSauceTest"/>
  <testcase name="lockedOutLoginFlow" time="29.133" classname="com.yourcompany.SampleSauceTest"/>
  <testcase name="lockedOutLoginFlow" time="41.368" classname="com.yourcompany.SampleSauceTest"/>
  <testcase name="demoPageTitle" time="32.897" classname="com.yourcompany.SampleSauceTest"/>
  <testcase name="problemLoginFlow" time="22.156" classname="com.yourcompany.SampleSauceTest"/>
  <testcase name="invalidLoginFlow" time="21.657" classname="com.yourcompany.SampleSauceTest"/>
  <testcase name="problemLoginFlow" time="22.303" classname="com.yourcompany.SampleSauceTest"/>
  <testcase name="demoPageTitle" time="17.701" classname="com.yourcompany.SampleSauceTest"/>
  <testcase name="invalidLoginFlow" time="25.438" classname="com.yourcompany.SampleSauceTest"/>
  <testcase name="lockedOutLoginFlow" time="37.809" classname="com.yourcompany.SampleSauceTest">
    <error type="org.openqa.selenium.TimeoutException" message="Expected condition failed: waiting for visibility of element located by By.id: user-name (tried for 15 second(s) with 500 milliseconds interval)">
      <![CDATA[org.openqa.selenium.TimeoutException: Expected condition failed: waiting for visibility of element located by By.id: user-name (tried for 15 second(s) with 500 milliseconds interval)
	at org.openqa.selenium.support.ui.WebDriverWait.timeoutException(WebDriverWait.java:113)
	at org.openqa.selenium.support.ui.FluentWait.until(FluentWait.java:283)
	at com.yourcompany.SampleSauceTest.login(SampleSauceTest.java:227)
	at com.yourcompany.SampleSauceTest.lockedOutLoginFlow(SampleSauceTest.java:202)
	at sun.reflect.NativeMethodAccessorImpl.invoke0(Native Method)
	at sun.reflect.NativeMethodAccessorImpl.invoke(NativeMethodAccessorImpl.java:62)
	at sun.reflect.DelegatingMethodAccessorImpl.invoke(DelegatingMethodAccessorImpl.java:43)
	at java.lang.reflect.Method.invoke(Method.java:498)
	at org.testng.internal.MethodInvocationHelper.invokeMethod(MethodInvocationHelper.java:104)
	at org.testng.internal.Invoker.invokeMethod(Invoker.java:645)
	at org.testng.internal.Invoker.invokeTestMethod(Invoker.java:851)
	at org.testng.internal.TestMethodWithDataProviderMethodWorker.call(TestMethodWithDataProviderMethodWorker.java:75)
	at org.testng.internal.TestMethodWithDataProviderMethodWorker.call(TestMethodWithDataProviderMethodWorker.java:14)
	at java.util.concurrent.FutureTask.run(FutureTask.java:266)
	at java.util.concurrent.Executors$RunnableAdapter.call(Executors.java:511)
	at java.util.concurrent.FutureTask.run(FutureTask.java:266)
	at java.util.concurrent.ThreadPoolExecutor.runWorker(ThreadPoolExecutor.java:1149)
	at java.util.concurrent.ThreadPoolExecutor$Worker.run(ThreadPoolExecutor.java:624)
	at java.lang.Thread.run(Thread.java:748)
Caused by: org.openqa.selenium.NoSuchElementException: Cannot locate an element using By.id: user-name
For documentation on this error, please visit: http://seleniumhq.org/exceptions/no_such_element.html
Build info: version: '3.14.0', revision: 'aacccce0', time: '2018-08-02T20:19:58.91Z'
System info: host: 'SL-1142', ip: 'fe80:0:0:0:4fa:9ddc:f273:c531%en0', os.name: 'Mac OS X', os.arch: 'x86_64', os.version: '10.14.6', java.version: '1.8.0_191'
Driver info: driver.version: unknown
	at org.openqa.selenium.support.ui.ExpectedConditions.lambda$findElement$0(ExpectedConditions.java:896)
	at java.util.Optional.orElseThrow(Optional.java:290)
	at org.openqa.selenium.support.ui.ExpectedConditions.findElement(ExpectedConditions.java:895)
	at org.openqa.selenium.support.ui.ExpectedConditions.access$000(ExpectedConditions.java:44)
	at org.openqa.selenium.support.ui.ExpectedConditions$7.apply(ExpectedConditions.java:206)
	at org.openqa.selenium.support.ui.ExpectedConditions$7.apply(ExpectedConditions.java:202)
	at org.openqa.selenium.support.ui.FluentWait.until(FluentWait.java:260)
	... 17 more
]]>
    </error>
  </testcase> <!-- lockedOutLoginFlow -->
  <testcase name="validLoginFlow" time="56.918" classname="com.yourcompany.SampleSauceTest"/>
  <testcase name="lockedOutLoginFlow" time="24.220" classname="com.yourcompany.SampleSauceTest"/>
  <testcase name="validLoginFlow" time="62.695" classname="com.yourcompany.SampleSauceTest"/>
  <testcase name="lockedOutLoginFlow" time="22.744" classname="com.yourcompany.SampleSauceTest"/>
  <testcase name="problemLoginFlow" time="57.479" classname="com.yourcompany.SampleSauceTest"/>
  <testcase name="demoPageTitle" time="37.487" classname="com.yourcompany.SampleSauceTest"/>
  <testcase name="demoPageTitle" time="11.451" classname="com.yourcompany.SampleSauceTest"/>
  <testcase name="demoPageTitle" time="8.814" classname="com.yourcompany.SampleSauceTest"/>
  <testcase name="validLoginFlow" time="25.638" classname="com.yourcompany.SampleSauceTest"/>
  <testcase name="invalidLoginFlow" time="37.343" classname="com.yourcompany.SampleSauceTest"/>
  <testcase name="problemLoginFlow" time="21.048" classname="com.yourcompany.SampleSauceTest"/>
  <testcase name="invalidLoginFlow" time="41.325" classname="com.yourcompany.SampleSauceTest"/>
  <testcase name="invalidLoginFlow" time="37.172" classname="com.yourcompany.SampleSauceTest">
    <error type="org.openqa.selenium.TimeoutException" message="Expected condition failed: waiting for visibility of element located by By.id: user-name (tried for 15 second(s) with 500 milliseconds interval)">
      <![CDATA[org.openqa.selenium.TimeoutException: Expected condition failed: waiting for visibility of element located by By.id: user-name (tried for 15 second(s) with 500 milliseconds interval)
	at org.openqa.selenium.support.ui.WebDriverWait.timeoutException(WebDriverWait.java:113)
	at org.openqa.selenium.support.ui.FluentWait.until(FluentWait.java:283)
	at com.yourcompany.SampleSauceTest.login(SampleSauceTest.java:227)
	at com.yourcompany.SampleSauceTest.invalidLoginFlow(SampleSauceTest.java:170)
	at sun.reflect.NativeMethodAccessorImpl.invoke0(Native Method)
	at sun.reflect.NativeMethodAccessorImpl.invoke(NativeMethodAccessorImpl.java:62)
	at sun.reflect.DelegatingMethodAccessorImpl.invoke(DelegatingMethodAccessorImpl.java:43)
	at java.lang.reflect.Method.invoke(Method.java:498)
	at org.testng.internal.MethodInvocationHelper.invokeMethod(MethodInvocationHelper.java:104)
	at org.testng.internal.Invoker.invokeMethod(Invoker.java:645)
	at org.testng.internal.Invoker.invokeTestMethod(Invoker.java:851)
	at org.testng.internal.TestMethodWithDataProviderMethodWorker.call(TestMethodWithDataProviderMethodWorker.java:75)
	at org.testng.internal.TestMethodWithDataProviderMethodWorker.call(TestMethodWithDataProviderMethodWorker.java:14)
	at java.util.concurrent.FutureTask.run(FutureTask.java:266)
	at java.util.concurrent.Executors$RunnableAdapter.call(Executors.java:511)
	at java.util.concurrent.FutureTask.run(FutureTask.java:266)
	at java.util.concurrent.ThreadPoolExecutor.runWorker(ThreadPoolExecutor.java:1149)
	at java.util.concurrent.ThreadPoolExecutor$Worker.run(ThreadPoolExecutor.java:624)
	at java.lang.Thread.run(Thread.java:748)
Caused by: org.openqa.selenium.NoSuchElementException: Cannot locate an element using By.id: user-name
For documentation on this error, please visit: http://seleniumhq.org/exceptions/no_such_element.html
Build info: version: '3.14.0', revision: 'aacccce0', time: '2018-08-02T20:19:58.91Z'
System info: host: 'SL-1142', ip: 'fe80:0:0:0:4fa:9ddc:f273:c531%en0', os.name: 'Mac OS X', os.arch: 'x86_64', os.version: '10.14.6', java.version: '1.8.0_191'
Driver info: driver.version: unknown
	at org.openqa.selenium.support.ui.ExpectedConditions.lambda$findElement$0(ExpectedConditions.java:896)
	at java.util.Optional.orElseThrow(Optional.java:290)
	at org.openqa.selenium.support.ui.ExpectedConditions.findElement(ExpectedConditions.java:895)
	at org.openqa.selenium.support.ui.ExpectedConditions.access$000(ExpectedConditions.java:44)
	at org.openqa.selenium.support.ui.ExpectedConditions$7.apply(ExpectedConditions.java:206)
	at org.openqa.selenium.support.ui.ExpectedConditions$7.apply(ExpectedConditions.java:202)
	at org.openqa.selenium.support.ui.FluentWait.until(FluentWait.java:260)
	... 17 more
]]>
    </error>
  </testcase> <!-- invalidLoginFlow -->
  <testcase name="demoPageTitle" time="26.693" classname="com.yourcompany.SampleSauceTest"/>
  <testcase name="lockedOutLoginFlow" time="24.015" classname="com.yourcompany.SampleSauceTest"/>
  <testcase name="validLoginFlow" time="36.793" classname="com.yourcompany.SampleSauceTest">
    <error type="org.openqa.selenium.TimeoutException" message="Expected condition failed: waiting for visibility of element located by By.id: user-name (tried for 15 second(s) with 500 milliseconds interval)">
      <![CDATA[org.openqa.selenium.TimeoutException: Expected condition failed: waiting for visibility of element located by By.id: user-name (tried for 15 second(s) with 500 milliseconds interval)
	at org.openqa.selenium.support.ui.WebDriverWait.timeoutException(WebDriverWait.java:113)
	at org.openqa.selenium.support.ui.FluentWait.until(FluentWait.java:283)
	at com.yourcompany.SampleSauceTest.login(SampleSauceTest.java:227)
	at com.yourcompany.SampleSauceTest.validLoginFlow(SampleSauceTest.java:186)
	at sun.reflect.NativeMethodAccessorImpl.invoke0(Native Method)
	at sun.reflect.NativeMethodAccessorImpl.invoke(NativeMethodAccessorImpl.java:62)
	at sun.reflect.DelegatingMethodAccessorImpl.invoke(DelegatingMethodAccessorImpl.java:43)
	at java.lang.reflect.Method.invoke(Method.java:498)
	at org.testng.internal.MethodInvocationHelper.invokeMethod(MethodInvocationHelper.java:104)
	at org.testng.internal.Invoker.invokeMethod(Invoker.java:645)
	at org.testng.internal.Invoker.invokeTestMethod(Invoker.java:851)
	at org.testng.internal.TestMethodWithDataProviderMethodWorker.call(TestMethodWithDataProviderMethodWorker.java:75)
	at org.testng.internal.TestMethodWithDataProviderMethodWorker.call(TestMethodWithDataProviderMethodWorker.java:14)
	at java.util.concurrent.FutureTask.run(FutureTask.java:266)
	at java.util.concurrent.Executors$RunnableAdapter.call(Executors.java:511)
	at java.util.concurrent.FutureTask.run(FutureTask.java:266)
	at java.util.concurrent.ThreadPoolExecutor.runWorker(ThreadPoolExecutor.java:1149)
	at java.util.concurrent.ThreadPoolExecutor$Worker.run(ThreadPoolExecutor.java:624)
	at java.lang.Thread.run(Thread.java:748)
Caused by: org.openqa.selenium.NoSuchElementException: Cannot locate an element using By.id: user-name
For documentation on this error, please visit: http://seleniumhq.org/exceptions/no_such_element.html
Build info: version: '3.14.0', revision: 'aacccce0', time: '2018-08-02T20:19:58.91Z'
System info: host: 'SL-1142', ip: 'fe80:0:0:0:4fa:9ddc:f273:c531%en0', os.name: 'Mac OS X', os.arch: 'x86_64', os.version: '10.14.6', java.version: '1.8.0_191'
Driver info: driver.version: unknown
	at org.openqa.selenium.support.ui.ExpectedConditions.lambda$findElement$0(ExpectedConditions.java:896)
	at java.util.Optional.orElseThrow(Optional.java:290)
	at org.openqa.selenium.support.ui.ExpectedConditions.findElement(ExpectedConditions.java:895)
	at org.openqa.selenium.support.ui.ExpectedConditions.access$000(ExpectedConditions.java:44)
	at org.openqa.selenium.support.ui.ExpectedConditions$7.apply(ExpectedConditions.java:206)
	at org.openqa.selenium.support.ui.ExpectedConditions$7.apply(ExpectedConditions.java:202)
	at org.openqa.selenium.support.ui.FluentWait.until(FluentWait.java:260)
	... 17 more
]]>
    </error>
  </testcase> <!-- validLoginFlow -->
  <testcase name="invalidLoginFlow" time="40.444" classname="com.yourcompany.SampleSauceTest"/>
  <testcase name="demoPageTitle" time="20.630" classname="com.yourcompany.SampleSauceTest">
    <failure type="java.lang.AssertionError" message="expected [Swag Labs] but found [Error 400 Could not proxy https://www.saucedemo.com:443/ java.lang.RuntimeException: Couldn&#039;t establish SSL handshake. Try using trustAllSSLCertificates. Received fatal alert: handshake_failure]">
      <![CDATA[java.lang.AssertionError: expected [Swag Labs] but found [Error 400 Could not proxy https://www.saucedemo.com:443/ java.lang.RuntimeException: Couldn't establish SSL handshake. Try using trustAllSSLCertificates. Received fatal alert: handshake_failure]
	at org.testng.Assert.fail(Assert.java:94)
	at org.testng.Assert.failNotEquals(Assert.java:513)
	at org.testng.Assert.assertEqualsImpl(Assert.java:135)
	at org.testng.Assert.assertEquals(Assert.java:116)
	at org.testng.Assert.assertEquals(Assert.java:190)
	at org.testng.Assert.assertEquals(Assert.java:200)
	at com.yourcompany.SampleSauceTest.demoPageTitle(SampleSauceTest.java:179)
	at sun.reflect.NativeMethodAccessorImpl.invoke0(Native Method)
	at sun.reflect.NativeMethodAccessorImpl.invoke(NativeMethodAccessorImpl.java:62)
	at sun.reflect.DelegatingMethodAccessorImpl.invoke(DelegatingMethodAccessorImpl.java:43)
	at java.lang.reflect.Method.invoke(Method.java:498)
	at org.testng.internal.MethodInvocationHelper.invokeMethod(MethodInvocationHelper.java:104)
	at org.testng.internal.Invoker.invokeMethod(Invoker.java:645)
	at org.testng.internal.Invoker.invokeTestMethod(Invoker.java:851)
	at org.testng.internal.TestMethodWithDataProviderMethodWorker.call(TestMethodWithDataProviderMethodWorker.java:75)
	at org.testng.internal.TestMethodWithDataProviderMethodWorker.call(TestMethodWithDataProviderMethodWorker.java:14)
	at java.util.concurrent.FutureTask.run(FutureTask.java:266)
	at java.util.concurrent.Executors$RunnableAdapter.call(Executors.java:511)
	at java.util.concurrent.FutureTask.run(FutureTask.java:266)
	at java.util.concurrent.ThreadPoolExecutor.runWorker(ThreadPoolExecutor.java:1149)
	at java.util.concurrent.ThreadPoolExecutor$Worker.run(ThreadPoolExecutor.java:624)
	at java.lang.Thread.run(Thread.java:748)
]]>
    </failure>
  </testcase> <!-- demoPageTitle -->
  <testcase name="validLoginFlow" time="19.793" classname="com.yourcompany.SampleSauceTest"/>
  <testcase name="problemLoginFlow" time="44.371" classname="com.yourcompany.SampleSauceTest"/>
  <testcase name="validLoginFlow" time="21.807" classname="com.yourcompany.SampleSauceTest"/>
  <testcase name="lockedOutLoginFlow" time="41.517" classname="com.yourcompany.SampleSauceTest"/>
  <testcase name="demoPageTitle" time="23.769" classname="com.yourcompany.SampleSauceTest"/>
  <testcase name="invalidLoginFlow" time="43.827" classname="com.yourcompany.SampleSauceTest"/>
  <testcase name="validLoginFlow" time="55.088" classname="com.yourcompany.SampleSauceTest"/>
  <testcase name="demoPageTitle" time="16.505" classname="com.yourcompany.SampleSauceTest"/>
  <testcase name="demoPageTitle" time="22.294" classname="com.yourcompany.SampleSauceTest"/>
</testsuite> <!-- com.yourcompany.SampleSauceTest -->
